#
# There is insufficient memory for the Java Runtime Environment to continue.
# Native memory allocation (malloc) failed to allocate 65552 bytes for Chunk::new
# Possible reasons:
#   The system is out of physical RAM or swap space
#   The process is running with CompressedOops enabled, and the Java Heap may be blocking the growth of the native heap
# Possible solutions:
#   Reduce memory load on the system
#   Increase physical memory or swap space
#   Check if swap backing store is full
#   Decrease Java heap size (-Xmx/-Xms)
#   Decrease number of Java threads
#   Decrease Java thread stack sizes (-Xss)
#   Set larger code cache with -XX:ReservedCodeCacheSize=
#   JVM is running with Unscaled Compressed Oops mode in which the Java heap is
#     placed in the first 4GB address space. The Java Heap base address is the
#     maximum limit for the native heap growth. Please use -XX:HeapBaseMinAddress
#     to set the Java Heap base and to place the Java Heap above 4GB virtual address.
# This output file may be truncated or incomplete.
#
#  Out of Memory Error (allocation.cpp:389), pid=6748, tid=0x00000000000030d4
#
# JRE version: OpenJDK Runtime Environment (8.0_242-b01) (build 1.8.0_242-release-1644-b01)
# Java VM: OpenJDK 64-Bit Server VM (25.242-b01 mixed mode windows-amd64 compressed oops)
# Failed to write core dump. Minidumps are not enabled by default on client versions of Windows
#

---------------  T H R E A D  ---------------

Current thread (0x000000001a18f000):  JavaThread "C2 CompilerThread1" daemon [_thread_in_native, id=12500, stack(0x000000001ab60000,0x000000001ac60000)]

Stack: [0x000000001ab60000,0x000000001ac60000]
[error occurred during error reporting (printing stack bounds), id 0xc0000005]

Native frames: (J=compiled Java code, j=interpreted, Vv=VM code, C=native code)


Current CompileTask:
C2:   2592 2633       4       org.jetbrains.kotlin.parsing.AbstractKotlinParsing::tt (10 bytes)


---------------  P R O C E S S  ---------------

Java Threads: ( => current thread )
  0x000000001a225800 JavaThread "Service Thread" daemon [_thread_blocked, id=9588, stack(0x000000001ae60000,0x000000001af60000)]
  0x000000001a19b800 JavaThread "C1 CompilerThread3" daemon [_thread_blocked, id=5488, stack(0x000000001ad60000,0x000000001ae60000)]
  0x000000001a197000 JavaThread "C2 CompilerThread2" daemon [_thread_in_native, id=12792, stack(0x000000001ac60000,0x000000001ad60000)]
=>0x000000001a18f000 JavaThread "C2 CompilerThread1" daemon [_thread_in_native, id=12500, stack(0x000000001ab60000,0x000000001ac60000)]
  0x000000001a18a000 JavaThread "C2 CompilerThread0" daemon [_thread_blocked, id=10400, stack(0x000000001aa60000,0x000000001ab60000)]
  0x000000001a188800 JavaThread "Attach Listener" daemon [_thread_blocked, id=14596, stack(0x000000001a960000,0x000000001aa60000)]
  0x000000001a187800 JavaThread "Signal Dispatcher" daemon [_thread_blocked, id=10344, stack(0x000000001a860000,0x000000001a960000)]
  0x0000000018394800 JavaThread "Finalizer" daemon [_thread_blocked, id=16196, stack(0x000000001a650000,0x000000001a750000)]
  0x000000001a170800 JavaThread "Reference Handler" daemon [_thread_blocked, id=6076, stack(0x000000001a550000,0x000000001a650000)]
  0x000000000335b800 JavaThread "main" [_thread_in_native, id=12228, stack(0x0000000003150000,0x0000000003250000)]

Other Threads:
  0x0000000018386800 VMThread [stack: 0x000000001a050000,0x000000001a150000] [id=7244]
  0x000000001a22e800 WatcherThread [stack: 0x000000001af60000,0x000000001b060000] [id=15948]

VM state:not at safepoint (normal execution)

VM Mutex/Monitor currently owned by a thread: None

heap address: 0x0000000082000000, size: 2016 MB, Compressed Oops mode: 32-bit
Narrow klass base: 0x0000000000000000, Narrow klass shift: 3
Compressed class space size: 1073741824 Address: 0x0000000100000000

Heap:
 PSYoungGen      total 83968K, used 1456K [0x00000000d6000000, 0x00000000ddd80000, 0x0000000100000000)
  eden space 67584K, 2% used [0x00000000d6000000,0x00000000d616c270,0x00000000da200000)
  from space 16384K, 0% used [0x00000000db200000,0x00000000db200000,0x00000000dc200000)
  to   space 16384K, 0% used [0x00000000da200000,0x00000000da200000,0x00000000db200000)
 ParOldGen       total 66560K, used 16595K [0x0000000082000000, 0x0000000086100000, 0x00000000d6000000)
  object space 66560K, 24% used [0x0000000082000000,0x0000000083034e08,0x0000000086100000)
 Metaspace       used 34647K, capacity 35302K, committed 35752K, reserved 1081344K
  class space    used 4413K, capacity 4586K, committed 4656K, reserved 1048576K

Card table byte_map: [0x0000000012810000,0x0000000012c10000] byte_map_base: 0x0000000012400000

Marking Bits: (ParMarkBitMap*) 0x0000000072a7f030
 Begin Bits: [0x00000000136b0000, 0x0000000015630000)
 End Bits:   [0x0000000015630000, 0x00000000175b0000)

Polling page: 0x0000000001330000

CodeCache: size=245760Kb used=8071Kb max_used=8076Kb free=237688Kb
 bounds [0x0000000003450000, 0x0000000003c40000, 0x0000000012450000]
 total_blobs=3086 nmethods=2649 adapters=350
 compilation: enabled

Compilation events (10 events):
Event: 2.582 Thread 0x000000001a19b800 2650       3       org.jetbrains.kotlin.parsing.AbstractKotlinParsing::eof (10 bytes)
Event: 2.583 Thread 0x000000001a19b800 nmethod 2650 0x0000000003c38650 code [0x0000000003c387c0, 0x0000000003c389e8]
Event: 2.583 Thread 0x000000001a19b800 2649       3       org.jetbrains.kotlin.com.intellij.lang.impl.PsiBuilderAdapter::rawLookup (11 bytes)
Event: 2.583 Thread 0x000000001a19b800 nmethod 2649 0x0000000003c381d0 code [0x0000000003c38340, 0x0000000003c38568]
Event: 2.583 Thread 0x000000001a19b800 2651       1       org.jetbrains.kotlin.com.intellij.lang.impl.PsiBuilderImpl::access$300 (5 bytes)
Event: 2.583 Thread 0x000000001a19b800 nmethod 2651 0x0000000003c37f10 code [0x0000000003c38060, 0x0000000003c38150]
Event: 2.583 Thread 0x000000001a19b800 2652       3       org.jetbrains.kotlin.psi.psiUtil.PsiUtilsKt$siblings$1$iterator$1::next (64 bytes)
Event: 2.583 Thread 0x000000001a19b800 nmethod 2652 0x0000000003c375d0 code [0x0000000003c37780, 0x0000000003c37d08]
Event: 2.583 Thread 0x000000001a19b800 2653       3       org.jetbrains.kotlin.com.intellij.psi.impl.source.SourceTreeToPsiMap::treeElementToPsi (15 bytes)
Event: 2.583 Thread 0x000000001a19b800 nmethod 2653 0x0000000003c37150 code [0x0000000003c372c0, 0x0000000003c37508]

GC Heap History (10 events):
Event: 1.191 GC heap before
{Heap before GC invocations=4 (full 1):
 PSYoungGen      total 37888K, used 5111K [0x00000000d6000000, 0x00000000daa00000, 0x0000000100000000)
  eden space 32768K, 0% used [0x00000000d6000000,0x00000000d6000000,0x00000000d8000000)
  from space 5120K, 99% used [0x00000000d8000000,0x00000000d84fddf8,0x00000000d8500000)
  to   space 5120K, 0% used [0x00000000da500000,0x00000000da500000,0x00000000daa00000)
 ParOldGen       total 86016K, used 11966K [0x0000000082000000, 0x0000000087400000, 0x00000000d6000000)
  object space 86016K, 13% used [0x0000000082000000,0x0000000082baf900,0x0000000087400000)
 Metaspace       used 20830K, capacity 21240K, committed 21296K, reserved 1069056K
  class space    used 2458K, capacity 2590K, committed 2608K, reserved 1048576K
Event: 1.216 GC heap after
Heap after GC invocations=4 (full 1):
 PSYoungGen      total 37888K, used 0K [0x00000000d6000000, 0x00000000daa00000, 0x0000000100000000)
  eden space 32768K, 0% used [0x00000000d6000000,0x00000000d6000000,0x00000000d8000000)
  from space 5120K, 0% used [0x00000000d8000000,0x00000000d8000000,0x00000000d8500000)
  to   space 5120K, 0% used [0x00000000da500000,0x00000000da500000,0x00000000daa00000)
 ParOldGen       total 66560K, used 9495K [0x0000000082000000, 0x0000000086100000, 0x00000000d6000000)
  object space 66560K, 14% used [0x0000000082000000,0x0000000082945c30,0x0000000086100000)
 Metaspace       used 20830K, capacity 21240K, committed 21296K, reserved 1069056K
  class space    used 2458K, capacity 2590K, committed 2608K, reserved 1048576K
}
Event: 1.655 GC heap before
{Heap before GC invocations=5 (full 1):
 PSYoungGen      total 37888K, used 32768K [0x00000000d6000000, 0x00000000daa00000, 0x0000000100000000)
  eden space 32768K, 100% used [0x00000000d6000000,0x00000000d8000000,0x00000000d8000000)
  from space 5120K, 0% used [0x00000000d8000000,0x00000000d8000000,0x00000000d8500000)
  to   space 5120K, 0% used [0x00000000da500000,0x00000000da500000,0x00000000daa00000)
 ParOldGen       total 66560K, used 9495K [0x0000000082000000, 0x0000000086100000, 0x00000000d6000000)
  object space 66560K, 14% used [0x0000000082000000,0x0000000082945c30,0x0000000086100000)
 Metaspace       used 24189K, capacity 24694K, committed 24880K, reserved 1071104K
  class space    used 2903K, capacity 3029K, committed 3120K, reserved 1048576K
Event: 1.660 GC heap after
Heap after GC invocations=5 (full 1):
 PSYoungGen      total 52224K, used 5102K [0x00000000d6000000, 0x00000000daa00000, 0x0000000100000000)
  eden space 47104K, 0% used [0x00000000d6000000,0x00000000d6000000,0x00000000d8e00000)
  from space 5120K, 99% used [0x00000000da500000,0x00000000da9fba80,0x00000000daa00000)
  to   space 5120K, 0% used [0x00000000da000000,0x00000000da000000,0x00000000da500000)
 ParOldGen       total 66560K, used 11601K [0x0000000082000000, 0x0000000086100000, 0x00000000d6000000)
  object space 66560K, 17% used [0x0000000082000000,0x0000000082b546e0,0x0000000086100000)
 Metaspace       used 24189K, capacity 24694K, committed 24880K, reserved 1071104K
  class space    used 2903K, capacity 3029K, committed 3120K, reserved 1048576K
}
Event: 2.236 GC heap before
{Heap before GC invocations=6 (full 1):
 PSYoungGen      total 52224K, used 52206K [0x00000000d6000000, 0x00000000daa00000, 0x0000000100000000)
  eden space 47104K, 100% used [0x00000000d6000000,0x00000000d8e00000,0x00000000d8e00000)
  from space 5120K, 99% used [0x00000000da500000,0x00000000da9fba80,0x00000000daa00000)
  to   space 5120K, 0% used [0x00000000da000000,0x00000000da000000,0x00000000da500000)
 ParOldGen       total 66560K, used 11601K [0x0000000082000000, 0x0000000086100000, 0x00000000d6000000)
  object space 66560K, 17% used [0x0000000082000000,0x0000000082b546e0,0x0000000086100000)
 Metaspace       used 32411K, capacity 32962K, committed 33328K, reserved 1079296K
  class space    used 4103K, capacity 4284K, committed 4400K, reserved 1048576K
Event: 2.246 GC heap after
Heap after GC invocations=6 (full 1):
 PSYoungGen      total 70656K, used 5091K [0x00000000d6000000, 0x00000000dc200000, 0x0000000100000000)
  eden space 65536K, 0% used [0x00000000d6000000,0x00000000d6000000,0x00000000da000000)
  from space 5120K, 99% used [0x00000000da000000,0x00000000da4f8c70,0x00000000da500000)
  to   space 16384K, 0% used [0x00000000db200000,0x00000000db200000,0x00000000dc200000)
 ParOldGen       total 66560K, used 23444K [0x0000000082000000, 0x0000000086100000, 0x00000000d6000000)
  object space 66560K, 35% used [0x0000000082000000,0x00000000836e5398,0x0000000086100000)
 Metaspace       used 32411K, capacity 32962K, committed 33328K, reserved 1079296K
  class space    used 4103K, capacity 4284K, committed 4400K, reserved 1048576K
}
Event: 2.489 GC heap before
{Heap before GC invocations=7 (full 1):
 PSYoungGen      total 70656K, used 14276K [0x00000000d6000000, 0x00000000dc200000, 0x0000000100000000)
  eden space 65536K, 14% used [0x00000000d6000000,0x00000000d68f8620,0x00000000da000000)
  from space 5120K, 99% used [0x00000000da000000,0x00000000da4f8c70,0x00000000da500000)
  to   space 16384K, 0% used [0x00000000db200000,0x00000000db200000,0x00000000dc200000)
 ParOldGen       total 66560K, used 23444K [0x0000000082000000, 0x0000000086100000, 0x00000000d6000000)
  object space 66560K, 35% used [0x0000000082000000,0x00000000836e5398,0x0000000086100000)
 Metaspace       used 34643K, capacity 35232K, committed 35496K, reserved 1081344K
  class space    used 4413K, capacity 4585K, committed 4656K, reserved 1048576K
Event: 2.495 GC heap after
Heap after GC invocations=7 (full 1):
 PSYoungGen      total 83968K, used 7590K [0x00000000d6000000, 0x00000000ddd80000, 0x0000000100000000)
  eden space 67584K, 0% used [0x00000000d6000000,0x00000000d6000000,0x00000000da200000)
  from space 16384K, 46% used [0x00000000db200000,0x00000000db969988,0x00000000dc200000)
  to   space 16384K, 0% used [0x00000000da200000,0x00000000da200000,0x00000000db200000)
 ParOldGen       total 66560K, used 23452K [0x0000000082000000, 0x0000000086100000, 0x00000000d6000000)
  object space 66560K, 35% used [0x0000000082000000,0x00000000836e7398,0x0000000086100000)
 Metaspace       used 34643K, capacity 35232K, committed 35496K, reserved 1081344K
  class space    used 4413K, capacity 4585K, committed 4656K, reserved 1048576K
}
Event: 2.495 GC heap before
{Heap before GC invocations=8 (full 2):
 PSYoungGen      total 83968K, used 7590K [0x00000000d6000000, 0x00000000ddd80000, 0x0000000100000000)
  eden space 67584K, 0% used [0x00000000d6000000,0x00000000d6000000,0x00000000da200000)
  from space 16384K, 46% used [0x00000000db200000,0x00000000db969988,0x00000000dc200000)
  to   space 16384K, 0% used [0x00000000da200000,0x00000000da200000,0x00000000db200000)
 ParOldGen       total 66560K, used 23452K [0x0000000082000000, 0x0000000086100000, 0x00000000d6000000)
  object space 66560K, 35% used [0x0000000082000000,0x00000000836e7398,0x0000000086100000)
 Metaspace       used 34643K, capacity 35232K, committed 35496K, reserved 1081344K
  class space    used 4413K, capacity 4585K, committed 4656K, reserved 1048576K
Event: 2.545 GC heap after
Heap after GC invocations=8 (full 2):
 PSYoungGen      total 83968K, used 0K [0x00000000d6000000, 0x00000000ddd80000, 0x0000000100000000)
  eden space 67584K, 0% used [0x00000000d6000000,0x00000000d6000000,0x00000000da200000)
  from space 16384K, 0% used [0x00000000db200000,0x00000000db200000,0x00000000dc200000)
  to   space 16384K, 0% used [0x00000000da200000,0x00000000da200000,0x00000000db200000)
 ParOldGen       total 66560K, used 16595K [0x0000000082000000, 0x0000000086100000, 0x00000000d6000000)
  object space 66560K, 24% used [0x0000000082000000,0x0000000083034e08,0x0000000086100000)
 Metaspace       used 34643K, capacity 35232K, committed 35496K, reserved 1081344K
  class space    used 4413K, capacity 4585K, committed 4656K, reserved 1048576K
}

Deoptimization events (10 events):
Event: 1.889 Thread 0x000000000335b800 Uncommon trap: reason=range_check action=make_not_entrant pc=0x00000000037f8760 method=sun.reflect.generics.parser.SignatureParser.current()C @ 34
Event: 1.918 Thread 0x000000000335b800 Uncommon trap: reason=unstable_if action=reinterpret pc=0x0000000003a916f8 method=java.lang.reflect.Method.equals(Ljava/lang/Object;)Z @ 49
Event: 2.232 Thread 0x000000000335b800 Uncommon trap: reason=class_check action=maybe_recompile pc=0x00000000039917e8 method=gnu.trove.TObjectHash.equals(Ljava/lang/Object;Ljava/lang/Object;)Z @ 6
Event: 2.262 Thread 0x000000000335b800 Uncommon trap: reason=unstable_if action=reinterpret pc=0x0000000003618ad0 method=sun.nio.cs.UTF_8$Encoder.encode([CII[B)I @ 33
Event: 2.262 Thread 0x000000000335b800 Uncommon trap: reason=unstable_if action=reinterpret pc=0x00000000036a73fc method=sun.nio.cs.UTF_8$Decoder.decode([BII[C)I @ 30
Event: 2.262 Thread 0x000000000335b800 Uncommon trap: reason=unstable_if action=reinterpret pc=0x00000000036aa168 method=sun.net.www.ParseUtil.encodePath(Ljava/lang/String;Z)Ljava/lang/String; @ 81
Event: 2.303 Thread 0x000000000335b800 Uncommon trap: reason=class_check action=maybe_recompile pc=0x000000000395251c method=org.jetbrains.kotlin.com.intellij.util.text.ByteArrayCharSequence.toBytesIfPossible(Ljava/lang/CharSequence;)[B @ 25
Event: 2.367 Thread 0x000000000335b800 Uncommon trap: reason=class_check action=maybe_recompile pc=0x000000000395251c method=org.jetbrains.kotlin.com.intellij.util.text.ByteArrayCharSequence.toBytesIfPossible(Ljava/lang/CharSequence;)[B @ 25
Event: 2.370 Thread 0x000000000335b800 Uncommon trap: reason=class_check action=maybe_recompile pc=0x000000000395251c method=org.jetbrains.kotlin.com.intellij.util.text.ByteArrayCharSequence.toBytesIfPossible(Ljava/lang/CharSequence;)[B @ 25
Event: 2.444 Thread 0x000000000335b800 Uncommon trap: reason=class_check action=maybe_recompile pc=0x000000000395251c method=org.jetbrains.kotlin.com.intellij.util.text.ByteArrayCharSequence.toBytesIfPossible(Ljava/lang/CharSequence;)[B @ 25

Classes redefined (0 events):
No events

Internal exceptions (10 events):
Event: 0.460 Thread 0x000000000335b800 Exception <a 'java/lang/ArrayIndexOutOfBoundsException'> (0x00000000d7bb9060) thrown at [C:\src\AOSP-openjdk-git\hotspot\src\share\vm\runtime\sharedRuntime.cpp, line 605]
Event: 0.584 Thread 0x000000000335b800 Exception <a 'java/lang/ArrayIndexOutOfBoundsException'> (0x00000000d65862f8) thrown at [C:\src\AOSP-openjdk-git\hotspot\src\share\vm\runtime\sharedRuntime.cpp, line 605]
Event: 0.943 Thread 0x000000000335b800 Exception <a 'java/lang/NoSuchMethodError': java.lang.Object.lambda$comparing$77a9974f$1(Ljava/util/function/Function;Ljava/lang/Object;Ljava/lang/Object;)I> (0x00000000d630a660) thrown at [C:\src\AOSP-openjdk-git\hotspot\src\share\vm\interpreter\linkReso
Event: 0.957 Thread 0x000000000335b800 Exception <a 'java/lang/NoSuchMethodError': java.lang.Object.lambda$static$0()J> (0x00000000d640e4b8) thrown at [C:\src\AOSP-openjdk-git\hotspot\src\share\vm\interpreter\linkResolver.cpp, line 620]
Event: 1.084 Thread 0x000000000335b800 Exception <a 'java/lang/NoSuchMethodError': java.lang.Object.lambda$static$0(I)[Lorg/jetbrains/kotlin/com/intellij/openapi/editor/event/DocumentListener;> (0x00000000d6b5db00) thrown at [C:\src\AOSP-openjdk-git\hotspot\src\share\vm\interpreter\linkResolve
Event: 1.108 Thread 0x000000000335b800 Exception <a 'java/lang/NoSuchMethodError': java.lang.Object.lambda$static$0(I)[Lorg/jetbrains/kotlin/com/intellij/psi/PsiAnnotation;> (0x00000000d6db0a60) thrown at [C:\src\AOSP-openjdk-git\hotspot\src\share\vm\interpreter\linkResolver.cpp, line 620]
Event: 1.220 Thread 0x000000000335b800 Exception <a 'java/lang/NoSuchMethodError': java.lang.Object.lambda$static$0(I)[Lorg/jetbrains/kotlin/com/intellij/psi/PsiElement;> (0x00000000d601db38) thrown at [C:\src\AOSP-openjdk-git\hotspot\src\share\vm\interpreter\linkResolver.cpp, line 620]
Event: 1.889 Thread 0x000000000335b800 Exception <a 'java/lang/ArrayIndexOutOfBoundsException': 126> (0x00000000d6fcd768) thrown at [C:\src\AOSP-openjdk-git\hotspot\src\share\vm\interpreter\interpreterRuntime.cpp, line 368]
Event: 1.890 Thread 0x000000000335b800 Exception <a 'java/lang/ArrayIndexOutOfBoundsException': 86> (0x00000000d6fcebf0) thrown at [C:\src\AOSP-openjdk-git\hotspot\src\share\vm\interpreter\interpreterRuntime.cpp, line 368]
Event: 2.360 Thread 0x000000000335b800 Exception <a 'java/lang/NoSuchMethodError': java.lang.Object.lambda$static$0(I)[Lorg/jetbrains/kotlin/psi/KtExpression;> (0x00000000d673f128) thrown at [C:\src\AOSP-openjdk-git\hotspot\src\share\vm\interpreter\linkResolver.cpp, line 620]

Events (10 events):
Event: 2.444 Thread 0x000000000335b800 DEOPT PACKING pc=0x000000000395251c sp=0x000000000324d6d0
Event: 2.444 Thread 0x000000000335b800 DEOPT UNPACKING pc=0x000000000349557b sp=0x000000000324d668 mode 2
Event: 2.477 loading class org/jetbrains/kotlin/parsing/TruncatedSemanticWhitespaceAwarePsiBuilder
Event: 2.477 loading class org/jetbrains/kotlin/parsing/TruncatedSemanticWhitespaceAwarePsiBuilder done
Event: 2.477 loading class org/jetbrains/kotlin/parsing/SemanticWhitespaceAwarePsiBuilderAdapter
Event: 2.477 loading class org/jetbrains/kotlin/parsing/SemanticWhitespaceAwarePsiBuilderAdapter done
Event: 2.477 Executing VM operation: Deoptimize
Event: 2.478 Executing VM operation: Deoptimize done
Event: 2.489 Executing VM operation: CollectForMetadataAllocation
Event: 2.545 Executing VM operation: CollectForMetadataAllocation done


Dynamic libraries:
0x00007ff6902f0000 - 0x00007ff690321000 	C:\Program Files\Android\Android Studio\jre\jre\bin\java.exe
0x00007fff9d4e0000 - 0x00007fff9d6d0000 	C:\WINDOWS\SYSTEM32\ntdll.dll
0x00007fff9b900000 - 0x00007fff9b9b2000 	C:\WINDOWS\System32\KERNEL32.DLL
0x00007fff9a580000 - 0x00007fff9a824000 	C:\WINDOWS\System32\KERNELBASE.dll
0x00007fff9cb30000 - 0x00007fff9cbd3000 	C:\WINDOWS\System32\ADVAPI32.dll
0x00007fff9d330000 - 0x00007fff9d3ce000 	C:\WINDOWS\System32\msvcrt.dll
0x00007fff9be80000 - 0x00007fff9bf17000 	C:\WINDOWS\System32\sechost.dll
0x00007fff9b7e0000 - 0x00007fff9b900000 	C:\WINDOWS\System32\RPCRT4.dll
0x00007fff9bce0000 - 0x00007fff9be74000 	C:\WINDOWS\System32\USER32.dll
0x00007fff9b410000 - 0x00007fff9b431000 	C:\WINDOWS\System32\win32u.dll
0x00007fff9b9c0000 - 0x00007fff9b9e6000 	C:\WINDOWS\System32\GDI32.dll
0x00007fff9a9d0000 - 0x00007fff9ab66000 	C:\WINDOWS\System32\gdi32full.dll
0x00007fff9a930000 - 0x00007fff9a9ce000 	C:\WINDOWS\System32\msvcp_win.dll
0x00007fff9a830000 - 0x00007fff9a92a000 	C:\WINDOWS\System32\ucrtbase.dll
0x00007fff8f6e0000 - 0x00007fff8f964000 	C:\WINDOWS\WinSxS\amd64_microsoft.windows.common-controls_6595b64144ccf1df_6.0.18362.959_none_e6c7bbbf130c62bb\COMCTL32.dll
0x00007fff9c620000 - 0x00007fff9c955000 	C:\WINDOWS\System32\combase.dll
0x00007fff9b330000 - 0x00007fff9b3b0000 	C:\WINDOWS\System32\bcryptPrimitives.dll
0x00007fff9d190000 - 0x00007fff9d1be000 	C:\WINDOWS\System32\IMM32.DLL
0x00000000720f0000 - 0x00000000721c2000 	C:\Program Files\Android\Android Studio\jre\jre\bin\msvcr100.dll
0x00000000722b0000 - 0x0000000072afb000 	C:\Program Files\Android\Android Studio\jre\jre\bin\server\jvm.dll
0x00007fff9c610000 - 0x00007fff9c618000 	C:\WINDOWS\System32\PSAPI.DLL
0x00007fff94320000 - 0x00007fff9432a000 	C:\WINDOWS\SYSTEM32\VERSION.dll
0x00007fff8d4d0000 - 0x00007fff8d4d9000 	C:\WINDOWS\SYSTEM32\WSOCK32.dll
0x00007fff96e90000 - 0x00007fff96eb4000 	C:\WINDOWS\SYSTEM32\WINMM.dll
0x00007fff9d050000 - 0x00007fff9d0bf000 	C:\WINDOWS\System32\WS2_32.dll
0x00007fff96af0000 - 0x00007fff96b1d000 	C:\WINDOWS\SYSTEM32\winmmbase.dll
0x00007fff9a460000 - 0x00007fff9a4aa000 	C:\WINDOWS\System32\cfgmgr32.dll
0x00007fff7d1c0000 - 0x00007fff7d1cf000 	C:\Program Files\Android\Android Studio\jre\jre\bin\verify.dll
0x00007fff69c60000 - 0x00007fff69c89000 	C:\Program Files\Android\Android Studio\jre\jre\bin\java.dll
0x00007fff708a0000 - 0x00007fff708b6000 	C:\Program Files\Android\Android Studio\jre\jre\bin\zip.dll
0x00007fff9bf20000 - 0x00007fff9c606000 	C:\WINDOWS\System32\SHELL32.dll
0x00007fff9b6d0000 - 0x00007fff9b779000 	C:\WINDOWS\System32\shcore.dll
0x00007fff9ab70000 - 0x00007fff9b2f2000 	C:\WINDOWS\System32\windows.storage.dll
0x00007fff9a430000 - 0x00007fff9a453000 	C:\WINDOWS\System32\profapi.dll
0x00007fff9a3c0000 - 0x00007fff9a40a000 	C:\WINDOWS\System32\powrprof.dll
0x00007fff9a390000 - 0x00007fff9a3a0000 	C:\WINDOWS\System32\UMPDC.dll
0x00007fff9b780000 - 0x00007fff9b7d2000 	C:\WINDOWS\System32\shlwapi.dll
0x00007fff9a3a0000 - 0x00007fff9a3b1000 	C:\WINDOWS\System32\kernel.appcore.dll
0x00007fff9a4b0000 - 0x00007fff9a4c7000 	C:\WINDOWS\System32\cryptsp.dll
0x00007fff699a0000 - 0x00007fff699ba000 	C:\Program Files\Android\Android Studio\jre\jre\bin\net.dll
0x00007fff99ba0000 - 0x00007fff99c07000 	C:\WINDOWS\system32\mswsock.dll
0x00007fff689b0000 - 0x00007fff689c3000 	C:\Program Files\Android\Android Studio\jre\jre\bin\nio.dll

VM Arguments:
java_command: org.jetbrains.kotlin.cli.jvm.K2JVMCompiler -Xallow-no-source-files -classpath C:\Users\filip\OneDrive\Documentos\Dev\FrameworkTest\app\build\intermediates\compile_and_runtime_not_namespaced_r_class_jar\debug\R.jar;C:\Users\filip\.gradle\caches\transforms-2\files-2.1\ff4cb15d59a65df1ae183c81cfcd8604\jetified-converter-gson-2.5.0.jar;C:\Users\filip\.gradle\caches\transforms-2\files-2.1\5fd50dabe0f6df8836826a1743d1c019\jetified-converter-moshi-2.6.0.jar;C:\Users\filip\.gradle\caches\transforms-2\files-2.1\748f6f82036c833eb6af6afcb7c61c86\jetified-retrofit-2.6.0.jar;C:\Users\filip\.gradle\caches\transforms-2\files-2.1\128ab01cae633e491d00341ccbbe2786\jetified-okhttp-3.12.0.jar;C:\Users\filip\.gradle\caches\transforms-2\files-2.1\929b522e85c1e1de2626a20d765d8297\jetified-moshi-1.8.0.jar;C:\Users\filip\.gradle\caches\transforms-2\files-2.1\b6d7f4d1e06e8c93d9772dae7f01a712\jetified-okio-1.16.0.jar;C:\Users\filip\.gradle\caches\transforms-2\files-2.1\ac364568c3df11daeb54212152807b2f\jetified-gson-2.8.2.jar;C:\Users\filip\.gradle\caches\transforms-2\files-2.1\3e8dc1072b3dc6d06f94c550fe8429a6\jetified-kotlin-android-extensions-runtime-1.3.72.jar;C:\Users\filip\.gradle\caches\transforms-2\files-2.1\341c5de26caac7a0c5effe778806029e\jetified-core-ktx-1.3.1-api.jar;C:\Users\filip\.gradle\caches\transforms-2\files-2.1\46080f7e80657640e520b62a72bc14bd\navigation-fragment-ktx-2.1.0-api.jar;C:\Users\filip\.gradle\caches\transforms-2\files-2.1\632f92c021deda862237bc740f1a6f0a\navigation-ui-ktx-2.1.0-api.jar;C:\Users\filip\.gradle\caches\transforms-2\files-2.1\12dac3cabff53c500901c3e0a2349b4e\jetified-room-ktx-2.2.5-api.jar;C:\Users\filip\.gradle\caches\transforms-2\files-2.1\322ba46c5fc490f2e327aab97e4db796\navigation-runtime-ktx-2.1.0-api.jar;C:\Users\filip\.gradle\caches\transforms-2\files-2.1\19ca28953edbe2fb320c76f2cb1a172b\jetified-fragment-ktx-1.1.0-api.jar;C:\Users\filip\.gradle\caches\transforms-2\files-2.1\f1da01fd9a216344e1f2c4485bc34b92\jetified-activity-ktx
java_class_path (initial): C:\Users\filip\.gradle\caches\modules-2\files-2.1\org.jetbrains.kotlin\kotlin-compiler-embeddable\1.3.72\fb72232c8fa977d5e07d33c43381ddbdc5edab6\kotlin-compiler-embeddable-1.3.72.jar;C:\Users\filip\.gradle\caches\modules-2\files-2.1\org.jetbrains.kotlin\kotlin-reflect\1.3.72\86613e1a669a701b0c660bfd2af4f82a7ae11fca\kotlin-reflect-1.3.72.jar;C:\Users\filip\.gradle\caches\modules-2\files-2.1\org.jetbrains.kotlin\kotlin-stdlib\1.3.72\8032138f12c0180bc4e51fe139d4c52b46db6109\kotlin-stdlib-1.3.72.jar;C:\Users\filip\.gradle\caches\modules-2\files-2.1\org.jetbrains.kotlin\kotlin-script-runtime\1.3.72\657d8d34d91e1964b4439378c09933e840bfe8d5\kotlin-script-runtime-1.3.72.jar;C:\Users\filip\.gradle\caches\modules-2\files-2.1\org.jetbrains.kotlin\kotlin-daemon-embeddable\1.3.72\53bbaa2816dbf6bdb85f629451b1fcc88f2164d2\kotlin-daemon-embeddable-1.3.72.jar;C:\Users\filip\.gradle\caches\modules-2\files-2.1\org.jetbrains.intellij.deps\trove4j\1.0.20181211\216c2e14b070f334479d800987affe4054cd563f\trove4j-1.0.20181211.jar;C:\Users\filip\.gradle\caches\modules-2\files-2.1\org.jetbrains.kotlin\kotlin-stdlib-common\1.3.72\6ca8bee3d88957eaaaef077c41c908c9940492d8\kotlin-stdlib-common-1.3.72.jar;C:\Users\filip\.gradle\caches\modules-2\files-2.1\org.jetbrains\annotations\13.0\919f0dfe192fb4e063e7dacadee7f8bb9a2672a9\annotations-13.0.jar;C:\Program Files\Android\Android Studio\jre\lib\tools.jar
Launcher Type: SUN_STANDARD

Environment Variables:
JAVA_HOME=C:\Program Files\Java\jdk1.8.0_144
PATH=C:\Program Files (x86)\Common Files\Oracle\Java\javapath;C:\ProgramData\Oracle\Java\javapath;C:\WINDOWS\system32;C:\WINDOWS;C:\WINDOWS\System32\Wbem;C:\WINDOWS\System32\WindowsPowerShell\v1.0\;C:\WINDOWS\System32\OpenSSH\;C:\Program Files\nodejs\;C:\Program Files\Git\cmd;C:\Program Files\MongoDB\Server\4.0\bin;C:\Program Files (x86)\Intel\Intel(R) Management Engine Components\DAL;C:\Program Files\Intel\Intel(R) Management Engine Components\DAL;C:\Users\filip\AppData\Local\Microsoft\WindowsApps;;C:\Users\filip\AppData\Roaming\npm;C:\Users\filip\AppData\Local\Programs\Microsoft VS Code\bin
USERNAME=filip
OS=Windows_NT
PROCESSOR_IDENTIFIER=Intel64 Family 6 Model 142 Stepping 10, GenuineIntel



---------------  S Y S T E M  ---------------

OS: Windows 10.0 , 64 bit Build 18362 (10.0.18362.959)

CPU:total 8 (initial active 8) (4 cores per cpu, 2 threads per core) family 6 model 142 stepping 10, cmov, cx8, fxsr, mmx, sse, sse2, sse3, ssse3, sse4.1, sse4.2, popcnt, avx, avx2, aes, clmul, erms, 3dnowpref, lzcnt, ht, tsc, tscinvbit, bmi1, bmi2, adx

Memory: 4k page, physical 8250416k(1343336k free), swap 11322416k(5276k free)

vm_info: OpenJDK 64-Bit Server VM (25.242-b01) for windows-amd64 JRE (1.8.0_242-release-1644-b01), built by "builder" with MS VC++ 10.0 (VS2010)

time: Sat Aug 08 18:07:21 2020
timezone: Hora Padrão de Buenos Aires
elapsed time: 2 seconds (0d 0h 0m 2s)

