#
# There is insufficient memory for the Java Runtime Environment to continue.
# Native memory allocation (malloc) failed to allocate 3136816 bytes for Chunk::new
# Possible reasons:
#   The system is out of physical RAM or swap space
#   The process is running with CompressedOops enabled, and the Java Heap may be blocking the growth of the native heap
# Possible solutions:
#   Reduce memory load on the system
#   Increase physical memory or swap space
#   Check if swap backing store is full
#   Decrease Java heap size (-Xmx/-Xms)
#   Decrease number of Java threads
#   Decrease Java thread stack sizes (-Xss)
#   Set larger code cache with -XX:ReservedCodeCacheSize=
#   JVM is running with Unscaled Compressed Oops mode in which the Java heap is
#     placed in the first 4GB address space. The Java Heap base address is the
#     maximum limit for the native heap growth. Please use -XX:HeapBaseMinAddress
#     to set the Java Heap base and to place the Java Heap above 4GB virtual address.
# This output file may be truncated or incomplete.
#
#  Out of Memory Error (allocation.cpp:389), pid=12888, tid=0x00000000000037ac
#
# JRE version: OpenJDK Runtime Environment (8.0_242-b01) (build 1.8.0_242-release-1644-b01)
# Java VM: OpenJDK 64-Bit Server VM (25.242-b01 mixed mode windows-amd64 compressed oops)
# Failed to write core dump. Minidumps are not enabled by default on client versions of Windows
#

---------------  T H R E A D  ---------------

Current thread (0x0000000019676800):  JavaThread "C2 CompilerThread0" daemon [_thread_in_native, id=14252, stack(0x0000000019f50000,0x000000001a050000)]

Stack: [0x0000000019f50000,0x000000001a050000]
[error occurred during error reporting (printing stack bounds), id 0xc0000005]

Native frames: (J=compiled Java code, j=interpreted, Vv=VM code, C=native code)


Current CompileTask:
C2:1535386 28721 % !   4       com.android.tools.r8.dex.r::b @ 460 (2682 bytes)


---------------  P R O C E S S  ---------------

Java Threads: ( => current thread )
  0x000000001efb9800 JavaThread "WorkerExecutor Queue Thread 6" [_thread_blocked, id=11968, stack(0x0000000032200000,0x0000000032300000)]
  0x000000001c28a800 JavaThread "WorkerExecutor Queue Thread 5" [_thread_blocked, id=7684, stack(0x00000000318c0000,0x00000000319c0000)]
  0x000000001c289000 JavaThread "WorkerExecutor Queue Thread 4" [_thread_blocked, id=8768, stack(0x00000000317c0000,0x00000000318c0000)]
  0x000000001c28c000 JavaThread "WorkerExecutor Queue Thread 3" [_thread_blocked, id=9480, stack(0x00000000316c0000,0x00000000317c0000)]
  0x0000000029bef000 JavaThread "WorkerExecutor Queue Thread 2" [_thread_blocked, id=4088, stack(0x00000000315c0000,0x00000000316c0000)]
  0x0000000029bed000 JavaThread "WorkerExecutor Queue" [_thread_blocked, id=15420, stack(0x00000000314c0000,0x00000000315c0000)]
  0x0000000029be4000 JavaThread "ForkJoinPool.commonPool-worker-4" daemon [_thread_blocked, id=5500, stack(0x00000000313c0000,0x00000000314c0000)]
  0x0000000022eb9800 JavaThread "ForkJoinPool.commonPool-worker-2" daemon [_thread_blocked, id=12008, stack(0x00000000311c0000,0x00000000312c0000)]
  0x0000000022ebe800 JavaThread "RMI TCP Connection(7)-127.0.0.1" daemon [_thread_in_native, id=12952, stack(0x00000000310c0000,0x00000000311c0000)]
  0x00000000233be000 JavaThread "pool-18-thread-1" [_thread_in_native, id=2648, stack(0x0000000025d60000,0x0000000025e60000)]
  0x00000000233c5000 JavaThread "Build operations Thread 8" [_thread_blocked, id=15056, stack(0x00000000259f0000,0x0000000025af0000)]
  0x00000000233c4000 JavaThread "Build operations Thread 7" [_thread_blocked, id=16068, stack(0x00000000247b0000,0x00000000248b0000)]
  0x00000000233c3800 JavaThread "Build operations Thread 6" [_thread_blocked, id=3932, stack(0x00000000244b0000,0x00000000245b0000)]
  0x00000000233bc800 JavaThread "Build operations Thread 5" [_thread_blocked, id=8464, stack(0x0000000024130000,0x0000000024230000)]
  0x00000000233bc000 JavaThread "Build operations Thread 4" [_thread_blocked, id=15116, stack(0x0000000024030000,0x0000000024130000)]
  0x00000000233c2800 JavaThread "Build operations Thread 3" [_thread_blocked, id=9188, stack(0x0000000023f30000,0x0000000024030000)]
  0x00000000233c1000 JavaThread "Build operations Thread 2" [_thread_blocked, id=16284, stack(0x0000000023e30000,0x0000000023f30000)]
  0x00000000233bb000 JavaThread "Build operations" [_thread_blocked, id=9832, stack(0x0000000021e60000,0x0000000021f60000)]
  0x00000000233bd800 JavaThread "Cache worker for file hash cache (C:\Users\filip\OneDrive\Documentos\Dev\FrameworkTest\.gradle\6.1.1\fileHashes)" [_thread_blocked, id=5440, stack(0x0000000020930000,0x0000000020a30000)]
  0x0000000026aae800 JavaThread "Cache worker for checksums cache (C:\Users\filip\OneDrive\Documentos\Dev\FrameworkTest\.gradle\checksums)" [_thread_blocked, id=12772, stack(0x0000000020830000,0x0000000020930000)]
  0x0000000026aad800 JavaThread "Thread-320" [_thread_blocked, id=15308, stack(0x000000001de90000,0x000000001df90000)]
  0x0000000026aaa800 JavaThread "Stdin handler" [_thread_blocked, id=12612, stack(0x000000001db90000,0x000000001dc90000)]
  0x0000000026ab1800 JavaThread "Asynchronous log dispatcher for DefaultDaemonConnection: socket connection from /127.0.0.1:52177 to /127.0.0.1:52900" [_thread_blocked, id=10536, stack(0x000000001da90000,0x000000001db90000)]
  0x0000000026ab0800 JavaThread "Cancel handler" [_thread_blocked, id=4240, stack(0x0000000000b90000,0x0000000000c90000)]
  0x0000000026ab0000 JavaThread "Handler for socket connection from /127.0.0.1:52177 to /127.0.0.1:52900" [_thread_in_native, id=8976, stack(0x0000000000a90000,0x0000000000b90000)]
  0x0000000022ebf000 JavaThread "RMI RenewClean-[127.0.0.1:17043,org.jetbrains.kotlin.daemon.common.LoopbackNetworkInterface$ClientLoopbackSocketFactory@1f570464]" daemon [_thread_in_native, id=7932, stack(0x0000000030fc0000,0x00000000310c0000)]
  0x0000000022ebc000 JavaThread "RMI RenewClean-[127.0.0.1:17679,org.jetbrains.kotlin.daemon.common.LoopbackNetworkInterface$ClientLoopbackSocketFactory@631000cf]" daemon [_thread_in_native, id=5608, stack(0x0000000030dc0000,0x0000000030ec0000)]
  0x000000001efc5000 JavaThread "Daemon worker Thread 5" [_thread_in_native, id=2088, stack(0x000000001d690000,0x000000001d790000)]
  0x000000001efbf000 JavaThread "Daemon Thread 5" [_thread_blocked, id=1816, stack(0x0000000000990000,0x0000000000a90000)]
  0x0000000029be1000 JavaThread "Cache worker for Java compile cache (C:\Users\filip\.gradle\caches\6.1.1\javaCompile)" [_thread_blocked, id=3636, stack(0x000000002d630000,0x000000002d730000)]
  0x0000000029be5800 JavaThread "RMI Reaper" [_thread_blocked, id=12716, stack(0x000000002d530000,0x000000002d630000)]
  0x0000000029be1800 JavaThread "RMI TCP Accept-0" daemon [_thread_in_native, id=13140, stack(0x000000002d430000,0x000000002d530000)]
  0x0000000029be3000 JavaThread "GC Daemon" daemon [_thread_blocked, id=15224, stack(0x000000002d1c0000,0x000000002d2c0000)]
  0x0000000029be2800 JavaThread "RMI Scheduler(0)" daemon [_thread_blocked, id=9252, stack(0x000000002bf10000,0x000000002c010000)]
  0x000000001efc6800 JavaThread "Cache worker for file content cache (C:\Users\filip\.gradle\caches\6.1.1\fileContent)" [_thread_blocked, id=8476, stack(0x0000000025f50000,0x0000000026050000)]
  0x000000001efc4000 JavaThread "Memory manager" [_thread_blocked, id=4128, stack(0x00000000256f0000,0x00000000257f0000)]
  0x000000001c28b800 JavaThread "Cache worker for execution history cache (C:\Users\filip\.gradle\caches\6.1.1\executionHistory)" [_thread_blocked, id=700, stack(0x0000000021f60000,0x0000000022060000)]
  0x000000001c288800 JavaThread "Cache worker for file hash cache (C:\Users\filip\.gradle\caches\6.1.1\fileHashes)" [_thread_blocked, id=12480, stack(0x000000001e390000,0x000000001e490000)]
  0x000000001c287800 JavaThread "File lock request listener" [_thread_in_native, id=9100, stack(0x000000001e290000,0x000000001e390000)]
  0x000000001c227000 JavaThread "Cache worker for journal cache (C:\Users\filip\.gradle\caches\journal-1)" [_thread_blocked, id=8900, stack(0x000000001e190000,0x000000001e290000)]
  0x000000001c0ee800 JavaThread "Daemon periodic checks" [_thread_blocked, id=11824, stack(0x000000001d590000,0x000000001d690000)]
  0x000000001a66c000 JavaThread "Incoming local TCP Connector on port 52177" [_thread_in_native, id=13188, stack(0x000000001d330000,0x000000001d430000)]
  0x000000001c03d000 JavaThread "Daemon health stats" [_thread_blocked, id=13620, stack(0x000000001ccf0000,0x000000001cdf0000)]
  0x0000000019704800 JavaThread "Service Thread" daemon [_thread_blocked, id=15828, stack(0x000000001a350000,0x000000001a450000)]
  0x000000001967c000 JavaThread "C1 CompilerThread3" daemon [_thread_blocked, id=7284, stack(0x000000001a250000,0x000000001a350000)]
  0x0000000019677800 JavaThread "C2 CompilerThread2" daemon [_thread_blocked, id=14632, stack(0x000000001a150000,0x000000001a250000)]
  0x000000001787b800 JavaThread "C2 CompilerThread1" daemon [_thread_blocked, id=13988, stack(0x000000001a050000,0x000000001a150000)]
=>0x0000000019676800 JavaThread "C2 CompilerThread0" daemon [_thread_in_native, id=14252, stack(0x0000000019f50000,0x000000001a050000)]
  0x0000000019675000 JavaThread "Attach Listener" daemon [_thread_blocked, id=11460, stack(0x0000000019e50000,0x0000000019f50000)]
  0x0000000019674000 JavaThread "Signal Dispatcher" daemon [_thread_blocked, id=10768, stack(0x0000000019d50000,0x0000000019e50000)]
  0x00000000027fc800 JavaThread "Finalizer" daemon [_thread_blocked, id=14128, stack(0x0000000019b40000,0x0000000019c40000)]
  0x0000000019660800 JavaThread "Reference Handler" daemon [_thread_blocked, id=10316, stack(0x0000000019a40000,0x0000000019b40000)]
  0x000000000251e000 JavaThread "main" [_thread_blocked, id=7756, stack(0x0000000002600000,0x0000000002700000)]

Other Threads:
  0x0000000017868000 VMThread [stack: 0x0000000019540000,0x0000000019640000] [id=8528]
  0x0000000019705000 WatcherThread [stack: 0x000000001a450000,0x000000001a550000] [id=14872]

VM state:not at safepoint (normal execution)

VM Mutex/Monitor currently owned by a thread: None

OutOfMemory and StackOverflow Exception counts:
OutOfMemoryError java_heap_errors=1

heap address: 0x0000000080000000, size: 2048 MB, Compressed Oops mode: 32-bit
Narrow klass base: 0x0000000000000000, Narrow klass shift: 3
Compressed class space size: 1073741824 Address: 0x0000000100000000

Heap:
 PSYoungGen      total 538624K, used 223808K [0x00000000d5580000, 0x00000000fd780000, 0x0000000100000000)
  eden space 470016K, 33% used [0x00000000d5580000,0x00000000ded11b40,0x00000000f2080000)
  from space 68608K, 99% used [0x00000000f4d00000,0x00000000f8ffe598,0x00000000f9000000)
  to   space 73216K, 0% used [0x00000000f9000000,0x00000000f9000000,0x00000000fd780000)
 ParOldGen       total 335872K, used 183594K [0x0000000080000000, 0x0000000094800000, 0x00000000d5580000)
  object space 335872K, 54% used [0x0000000080000000,0x000000008b34a840,0x0000000094800000)
 Metaspace       used 133552K, capacity 141836K, committed 141976K, reserved 1173504K
  class space    used 16936K, capacity 18508K, committed 18608K, reserved 1048576K

Card table byte_map: [0x0000000011bc0000,0x0000000011fd0000] byte_map_base: 0x00000000117c0000

Marking Bits: (ParMarkBitMap*) 0x0000000072a7f030
 Begin Bits: [0x0000000012a80000, 0x0000000014a80000)
 End Bits:   [0x0000000014a80000, 0x0000000016a80000)

Polling page: 0x0000000000d20000

CodeCache: size=245760Kb used=79273Kb max_used=79386Kb free=166486Kb
 bounds [0x0000000002800000, 0x0000000007600000, 0x0000000011800000]
 total_blobs=23464 nmethods=22461 adapters=912
 compilation: enabled

Compilation events (10 events):
Event: 1534.985 Thread 0x0000000019677800 nmethod 28790 0x00000000075ec610 code [0x00000000075ec8c0, 0x00000000075ee240]
Event: 1534.985 Thread 0x0000000019677800 28734       4       com.android.tools.r8.dex.r$$Lambda$1517/714811915::accept (12 bytes)
Event: 1534.985 Thread 0x000000001967c000 28797       1       org.jetbrains.kotlin.statistics.metrics.NumericalMetrics::getType (5 bytes)
Event: 1534.985 Thread 0x000000001967c000 nmethod 28797 0x0000000002a6df10 code [0x0000000002a6e060, 0x0000000002a6e170]
Event: 1534.991 Thread 0x000000001787b800 nmethod 28733 0x00000000075dca90 code [0x00000000075dcc60, 0x00000000075dd548]
Event: 1534.992 Thread 0x000000001787b800 28785       4       com.android.tools.r8.graph.J0::equals (31 bytes)
Event: 1534.994 Thread 0x0000000019677800 nmethod 28734 0x00000000075dacd0 code [0x00000000075daea0, 0x00000000075db808]
Event: 1534.995 Thread 0x000000001787b800 nmethod 28785 0x000000000330e610 code [0x000000000330e760, 0x000000000330e948]
Event: 1534.995 Thread 0x000000001787b800 28784       4       com.android.tools.r8.graph.J0::hashCode (8 bytes)
Event: 1534.997 Thread 0x000000001787b800 nmethod 28784 0x0000000002f315d0 code [0x0000000002f31720, 0x0000000002f31888]

GC Heap History (10 events):
Event: 150.143 GC heap before
{Heap before GC invocations=32 (full 5):
 PSYoungGen      total 535040K, used 489673K [0x00000000d5580000, 0x00000000fbb80000, 0x0000000100000000)
  eden space 462848K, 100% used [0x00000000d5580000,0x00000000f1980000,0x00000000f1980000)
  from space 72192K, 37% used [0x00000000f7500000,0x00000000f8f32658,0x00000000fbb80000)
  to   space 82944K, 0% used [0x00000000f1980000,0x00000000f1980000,0x00000000f6a80000)
 ParOldGen       total 335872K, used 143653K [0x0000000080000000, 0x0000000094800000, 0x00000000d5580000)
  object space 335872K, 42% used [0x0000000080000000,0x0000000088c49540,0x0000000094800000)
 Metaspace       used 117516K, capacity 123586K, committed 124056K, reserved 1157120K
  class space    used 15187K, capacity 16390K, committed 16560K, reserved 1048576K
Event: 150.170 GC heap after
Heap after GC invocations=32 (full 5):
 PSYoungGen      total 545792K, used 27846K [0x00000000d5580000, 0x00000000fe780000, 0x0000000100000000)
  eden space 462848K, 0% used [0x00000000d5580000,0x00000000d5580000,0x00000000f1980000)
  from space 82944K, 33% used [0x00000000f1980000,0x00000000f34b1b18,0x00000000f6a80000)
  to   space 78336K, 0% used [0x00000000f9b00000,0x00000000f9b00000,0x00000000fe780000)
 ParOldGen       total 335872K, used 143661K [0x0000000080000000, 0x0000000094800000, 0x00000000d5580000)
  object space 335872K, 42% used [0x0000000080000000,0x0000000088c4b540,0x0000000094800000)
 Metaspace       used 117516K, capacity 123586K, committed 124056K, reserved 1157120K
  class space    used 15187K, capacity 16390K, committed 16560K, reserved 1048576K
}
Event: 255.251 GC heap before
{Heap before GC invocations=33 (full 5):
 PSYoungGen      total 545792K, used 490694K [0x00000000d5580000, 0x00000000fe780000, 0x0000000100000000)
  eden space 462848K, 100% used [0x00000000d5580000,0x00000000f1980000,0x00000000f1980000)
  from space 82944K, 33% used [0x00000000f1980000,0x00000000f34b1b18,0x00000000f6a80000)
  to   space 78336K, 0% used [0x00000000f9b00000,0x00000000f9b00000,0x00000000fe780000)
 ParOldGen       total 335872K, used 143661K [0x0000000080000000, 0x0000000094800000, 0x00000000d5580000)
  object space 335872K, 42% used [0x0000000080000000,0x0000000088c4b540,0x0000000094800000)
 Metaspace       used 127072K, capacity 133624K, committed 133784K, reserved 1165312K
  class space    used 16231K, capacity 17509K, committed 17584K, reserved 1048576K
Event: 255.285 GC heap after
Heap after GC invocations=33 (full 5):
 PSYoungGen      total 571904K, used 36591K [0x00000000d5580000, 0x00000000fd980000, 0x0000000100000000)
  eden space 507904K, 0% used [0x00000000d5580000,0x00000000d5580000,0x00000000f4580000)
  from space 64000K, 57% used [0x00000000f9b00000,0x00000000fbebbdd8,0x00000000fd980000)
  to   space 75776K, 0% used [0x00000000f4580000,0x00000000f4580000,0x00000000f8f80000)
 ParOldGen       total 335872K, used 143669K [0x0000000080000000, 0x0000000094800000, 0x00000000d5580000)
  object space 335872K, 42% used [0x0000000080000000,0x0000000088c4d540,0x0000000094800000)
 Metaspace       used 127072K, capacity 133624K, committed 133784K, reserved 1165312K
  class space    used 16231K, capacity 17509K, committed 17584K, reserved 1048576K
}
Event: 755.497 GC heap before
{Heap before GC invocations=34 (full 5):
 PSYoungGen      total 571904K, used 544495K [0x00000000d5580000, 0x00000000fd980000, 0x0000000100000000)
  eden space 507904K, 100% used [0x00000000d5580000,0x00000000f4580000,0x00000000f4580000)
  from space 64000K, 57% used [0x00000000f9b00000,0x00000000fbebbdd8,0x00000000fd980000)
  to   space 75776K, 0% used [0x00000000f4580000,0x00000000f4580000,0x00000000f8f80000)
 ParOldGen       total 335872K, used 143669K [0x0000000080000000, 0x0000000094800000, 0x00000000d5580000)
  object space 335872K, 42% used [0x0000000080000000,0x0000000088c4d540,0x0000000094800000)
 Metaspace       used 132187K, capacity 139606K, committed 139928K, reserved 1171456K
  class space    used 16807K, capacity 18244K, committed 18352K, reserved 1048576K
Event: 755.525 GC heap after
Heap after GC invocations=34 (full 5):
 PSYoungGen      total 583680K, used 33250K [0x00000000d5580000, 0x00000000ffa00000, 0x0000000100000000)
  eden space 507904K, 0% used [0x00000000d5580000,0x00000000d5580000,0x00000000f4580000)
  from space 75776K, 43% used [0x00000000f4580000,0x00000000f65f8838,0x00000000f8f80000)
  to   space 72192K, 0% used [0x00000000fb380000,0x00000000fb380000,0x00000000ffa00000)
 ParOldGen       total 335872K, used 143685K [0x0000000080000000, 0x0000000094800000, 0x00000000d5580000)
  object space 335872K, 42% used [0x0000000080000000,0x0000000088c51540,0x0000000094800000)
 Metaspace       used 132187K, capacity 139606K, committed 139928K, reserved 1171456K
  class space    used 16807K, capacity 18244K, committed 18352K, reserved 1048576K
}
Event: 1393.027 GC heap before
{Heap before GC invocations=35 (full 5):
 PSYoungGen      total 583680K, used 541154K [0x00000000d5580000, 0x00000000ffa00000, 0x0000000100000000)
  eden space 507904K, 100% used [0x00000000d5580000,0x00000000f4580000,0x00000000f4580000)
  from space 75776K, 43% used [0x00000000f4580000,0x00000000f65f8838,0x00000000f8f80000)
  to   space 72192K, 0% used [0x00000000fb380000,0x00000000fb380000,0x00000000ffa00000)
 ParOldGen       total 335872K, used 143685K [0x0000000080000000, 0x0000000094800000, 0x00000000d5580000)
  object space 335872K, 42% used [0x0000000080000000,0x0000000088c51540,0x0000000094800000)
 Metaspace       used 133121K, capacity 140986K, committed 141336K, reserved 1171456K
  class space    used 16881K, capacity 18357K, committed 18480K, reserved 1048576K
Event: 1393.053 GC heap after
Heap after GC invocations=35 (full 5):
 PSYoungGen      total 520704K, used 32118K [0x00000000d5580000, 0x00000000fd300000, 0x0000000100000000)
  eden space 488448K, 0% used [0x00000000d5580000,0x00000000d5580000,0x00000000f3280000)
  from space 32256K, 99% used [0x00000000fb380000,0x00000000fd2dd8b0,0x00000000fd300000)
  to   space 68608K, 0% used [0x00000000f4d00000,0x00000000f4d00000,0x00000000f9000000)
 ParOldGen       total 335872K, used 143693K [0x0000000080000000, 0x0000000094800000, 0x00000000d5580000)
  object space 335872K, 42% used [0x0000000080000000,0x0000000088c53540,0x0000000094800000)
 Metaspace       used 133121K, capacity 140986K, committed 141336K, reserved 1171456K
  class space    used 16881K, capacity 18357K, committed 18480K, reserved 1048576K
}
Event: 1533.254 GC heap before
{Heap before GC invocations=36 (full 5):
 PSYoungGen      total 520704K, used 520315K [0x00000000d5580000, 0x00000000fd300000, 0x0000000100000000)
  eden space 488448K, 99% used [0x00000000d5580000,0x00000000f32416b8,0x00000000f3280000)
  from space 32256K, 99% used [0x00000000fb380000,0x00000000fd2dd8b0,0x00000000fd300000)
  to   space 68608K, 0% used [0x00000000f4d00000,0x00000000f4d00000,0x00000000f9000000)
 ParOldGen       total 335872K, used 143693K [0x0000000080000000, 0x0000000094800000, 0x00000000d5580000)
  object space 335872K, 42% used [0x0000000080000000,0x0000000088c53540,0x0000000094800000)
 Metaspace       used 133517K, capacity 141740K, committed 141976K, reserved 1173504K
  class space    used 16932K, capacity 18502K, committed 18608K, reserved 1048576K
Event: 1533.595 GC heap after
Heap after GC invocations=36 (full 5):
 PSYoungGen      total 538624K, used 68601K [0x00000000d5580000, 0x00000000fd780000, 0x0000000100000000)
  eden space 470016K, 0% used [0x00000000d5580000,0x00000000d5580000,0x00000000f2080000)
  from space 68608K, 99% used [0x00000000f4d00000,0x00000000f8ffe598,0x00000000f9000000)
  to   space 73216K, 0% used [0x00000000f9000000,0x00000000f9000000,0x00000000fd780000)
 ParOldGen       total 335872K, used 183594K [0x0000000080000000, 0x0000000094800000, 0x00000000d5580000)
  object space 335872K, 54% used [0x0000000080000000,0x000000008b34a840,0x0000000094800000)
 Metaspace       used 133517K, capacity 141740K, committed 141976K, reserved 1173504K
  class space    used 16932K, capacity 18502K, committed 18608K, reserved 1048576K
}

Deoptimization events (10 events):
Event: 1534.058 Thread 0x000000001efc7000 Uncommon trap: reason=class_check action=maybe_recompile pc=0x00000000074b6e4c method=com.android.tools.r8.graph.T.collectMixedSectionItems(Lcom/android/tools/r8/dex/F;)V @ 2
Event: 1534.058 Thread 0x000000001efc7000 Uncommon trap: reason=class_check action=maybe_recompile pc=0x00000000074b6e4c method=com.android.tools.r8.graph.T.collectMixedSectionItems(Lcom/android/tools/r8/dex/F;)V @ 2
Event: 1534.058 Thread 0x000000001efc7000 Uncommon trap: reason=class_check action=maybe_recompile pc=0x00000000074b6e4c method=com.android.tools.r8.graph.T.collectMixedSectionItems(Lcom/android/tools/r8/dex/F;)V @ 2
Event: 1534.058 Thread 0x000000001efc7000 Uncommon trap: reason=class_check action=maybe_recompile pc=0x00000000074b5a70 method=com.android.tools.r8.graph.E.collectMixedSectionItems(Lcom/android/tools/r8/dex/F;)V @ 2
Event: 1534.058 Thread 0x000000001efc7000 Uncommon trap: reason=class_check action=maybe_recompile pc=0x00000000074b5a70 method=com.android.tools.r8.graph.E.collectMixedSectionItems(Lcom/android/tools/r8/dex/F;)V @ 2
Event: 1534.058 Thread 0x000000001efc7000 Uncommon trap: reason=class_check action=maybe_recompile pc=0x00000000074b5a70 method=com.android.tools.r8.graph.E.collectMixedSectionItems(Lcom/android/tools/r8/dex/F;)V @ 2
Event: 1534.183 Thread 0x000000001efc7000 Uncommon trap: reason=class_check action=maybe_recompile pc=0x00000000074d7d54 method=com.android.tools.r8.graph.h0$l.equals(Ljava/lang/Object;)Z @ 8
Event: 1534.184 Thread 0x000000001efc7000 Uncommon trap: reason=class_check action=maybe_recompile pc=0x00000000074d7d54 method=com.android.tools.r8.graph.h0$l.equals(Ljava/lang/Object;)Z @ 8
Event: 1534.184 Thread 0x000000001efc7000 Uncommon trap: reason=class_check action=maybe_recompile pc=0x00000000074d7d54 method=com.android.tools.r8.graph.h0$l.equals(Ljava/lang/Object;)Z @ 8
Event: 1534.184 Thread 0x000000001efc7000 Uncommon trap: reason=class_check action=maybe_recompile pc=0x00000000074d7d54 method=com.android.tools.r8.graph.h0$l.equals(Ljava/lang/Object;)Z @ 8

Classes redefined (0 events):
No events

Internal exceptions (10 events):
Event: 1522.670 Thread 0x0000000022eb6800 Exception <a 'sun/nio/fs/WindowsException'> (0x00000000e34d4a18) thrown at [C:\src\AOSP-openjdk-git\hotspot\src\share\vm\prims\jni.cpp, line 710]
Event: 1522.670 Thread 0x0000000022eb6800 Exception <a 'sun/nio/fs/WindowsException'> (0x00000000e34d56d0) thrown at [C:\src\AOSP-openjdk-git\hotspot\src\share\vm\prims\jni.cpp, line 710]
Event: 1522.670 Thread 0x0000000022eb6800 Exception <a 'sun/nio/fs/WindowsException'> (0x00000000e34d6428) thrown at [C:\src\AOSP-openjdk-git\hotspot\src\share\vm\prims\jni.cpp, line 710]
Event: 1527.467 Thread 0x0000000029bed000 Exception <a 'sun/nio/fs/WindowsException'> (0x00000000e634f630) thrown at [C:\src\AOSP-openjdk-git\hotspot\src\share\vm\prims\jni.cpp, line 710]
Event: 1527.738 Thread 0x0000000029bed000 Exception <a 'sun/nio/fs/WindowsException'> (0x00000000e6805b08) thrown at [C:\src\AOSP-openjdk-git\hotspot\src\share\vm\prims\jni.cpp, line 710]
Event: 1527.740 Thread 0x0000000029bed000 Exception <a 'sun/nio/fs/WindowsException'> (0x00000000e6811110) thrown at [C:\src\AOSP-openjdk-git\hotspot\src\share\vm\prims\jni.cpp, line 710]
Event: 1531.760 Thread 0x000000001c28a800 Exception <a 'sun/nio/fs/WindowsException'> (0x00000000e909f400) thrown at [C:\src\AOSP-openjdk-git\hotspot\src\share\vm\prims\jni.cpp, line 710]
Event: 1534.963 Thread 0x000000001efc7000 Exception <a 'sun/nio/fs/WindowsException'> (0x00000000de79eeb8) thrown at [C:\src\AOSP-openjdk-git\hotspot\src\share\vm\prims\jni.cpp, line 710]
Event: 1534.964 Thread 0x000000001efc7000 Exception <a 'java/lang/OutOfMemoryError'> (0x00000000de79f8c8) thrown at [C:\src\AOSP-openjdk-git\hotspot\src\share\vm\prims\unsafe.cpp, line 618]
Event: 1534.979 Thread 0x000000001efc5000 Exception <a 'sun/nio/fs/WindowsException'> (0x00000000de9af840) thrown at [C:\src\AOSP-openjdk-git\hotspot\src\share\vm\prims\jni.cpp, line 710]

Events (10 events):
Event: 1534.996 Thread 0x0000000019677800 flushing nmethod 0x0000000003d02390
Event: 1534.997 Thread 0x000000001787b800 flushing nmethod 0x0000000003dcf690
Event: 1534.997 Thread 0x000000001787b800 flushing nmethod 0x0000000003df1c10
Event: 1534.997 Thread 0x000000001787b800 flushing nmethod 0x0000000003e055d0
Event: 1534.998 Thread 0x000000001787b800 flushing nmethod 0x00000000041078d0
Event: 1534.998 Thread 0x000000001787b800 flushing nmethod 0x0000000004183410
Event: 1534.998 Thread 0x000000001787b800 flushing nmethod 0x0000000004185b10
Event: 1534.998 Thread 0x000000001787b800 flushing nmethod 0x000000000418b9d0
Event: 1534.998 Thread 0x000000001787b800 flushing nmethod 0x00000000041b3150
Event: 1534.998 Thread 0x000000001787b800 flushing nmethod 0x00000000041cda90


Dynamic libraries:
0x00007ff6014f0000 - 0x00007ff601521000 	C:\Program Files\Android\Android Studio\jre\bin\java.exe
0x00007fff9d4e0000 - 0x00007fff9d6d0000 	C:\WINDOWS\SYSTEM32\ntdll.dll
0x00007fff9b900000 - 0x00007fff9b9b2000 	C:\WINDOWS\System32\KERNEL32.DLL
0x00007fff9a580000 - 0x00007fff9a824000 	C:\WINDOWS\System32\KERNELBASE.dll
0x00007fff9cb30000 - 0x00007fff9cbd3000 	C:\WINDOWS\System32\ADVAPI32.dll
0x00007fff9d330000 - 0x00007fff9d3ce000 	C:\WINDOWS\System32\msvcrt.dll
0x00007fff9be80000 - 0x00007fff9bf17000 	C:\WINDOWS\System32\sechost.dll
0x00007fff9b7e0000 - 0x00007fff9b900000 	C:\WINDOWS\System32\RPCRT4.dll
0x00007fff9bce0000 - 0x00007fff9be74000 	C:\WINDOWS\System32\USER32.dll
0x00007fff9b410000 - 0x00007fff9b431000 	C:\WINDOWS\System32\win32u.dll
0x00007fff9b9c0000 - 0x00007fff9b9e6000 	C:\WINDOWS\System32\GDI32.dll
0x00007fff9a9d0000 - 0x00007fff9ab66000 	C:\WINDOWS\System32\gdi32full.dll
0x00007fff9a930000 - 0x00007fff9a9ce000 	C:\WINDOWS\System32\msvcp_win.dll
0x00007fff9a830000 - 0x00007fff9a92a000 	C:\WINDOWS\System32\ucrtbase.dll
0x00007fff8f6e0000 - 0x00007fff8f964000 	C:\WINDOWS\WinSxS\amd64_microsoft.windows.common-controls_6595b64144ccf1df_6.0.18362.959_none_e6c7bbbf130c62bb\COMCTL32.dll
0x00007fff9c620000 - 0x00007fff9c955000 	C:\WINDOWS\System32\combase.dll
0x00007fff9b330000 - 0x00007fff9b3b0000 	C:\WINDOWS\System32\bcryptPrimitives.dll
0x00007fff9d190000 - 0x00007fff9d1be000 	C:\WINDOWS\System32\IMM32.DLL
0x00000000720f0000 - 0x00000000721c2000 	C:\Program Files\Android\Android Studio\jre\jre\bin\msvcr100.dll
0x00000000722b0000 - 0x0000000072afb000 	C:\Program Files\Android\Android Studio\jre\jre\bin\server\jvm.dll
0x00007fff9c610000 - 0x00007fff9c618000 	C:\WINDOWS\System32\PSAPI.DLL
0x00007fff8d4d0000 - 0x00007fff8d4d9000 	C:\WINDOWS\SYSTEM32\WSOCK32.dll
0x00007fff96e90000 - 0x00007fff96eb4000 	C:\WINDOWS\SYSTEM32\WINMM.dll
0x00007fff94320000 - 0x00007fff9432a000 	C:\WINDOWS\SYSTEM32\VERSION.dll
0x00007fff9d050000 - 0x00007fff9d0bf000 	C:\WINDOWS\System32\WS2_32.dll
0x00007fff96af0000 - 0x00007fff96b1d000 	C:\WINDOWS\SYSTEM32\winmmbase.dll
0x00007fff9a460000 - 0x00007fff9a4aa000 	C:\WINDOWS\System32\cfgmgr32.dll
0x00007fff7d1c0000 - 0x00007fff7d1cf000 	C:\Program Files\Android\Android Studio\jre\jre\bin\verify.dll
0x00007fff69c60000 - 0x00007fff69c89000 	C:\Program Files\Android\Android Studio\jre\jre\bin\java.dll
0x00007fff708a0000 - 0x00007fff708b6000 	C:\Program Files\Android\Android Studio\jre\jre\bin\zip.dll
0x00007fff9bf20000 - 0x00007fff9c606000 	C:\WINDOWS\System32\SHELL32.dll
0x00007fff9b6d0000 - 0x00007fff9b779000 	C:\WINDOWS\System32\shcore.dll
0x00007fff9ab70000 - 0x00007fff9b2f2000 	C:\WINDOWS\System32\windows.storage.dll
0x00007fff9a430000 - 0x00007fff9a453000 	C:\WINDOWS\System32\profapi.dll
0x00007fff9a3c0000 - 0x00007fff9a40a000 	C:\WINDOWS\System32\powrprof.dll
0x00007fff9a390000 - 0x00007fff9a3a0000 	C:\WINDOWS\System32\UMPDC.dll
0x00007fff9b780000 - 0x00007fff9b7d2000 	C:\WINDOWS\System32\shlwapi.dll
0x00007fff9a3a0000 - 0x00007fff9a3b1000 	C:\WINDOWS\System32\kernel.appcore.dll
0x00007fff9a4b0000 - 0x00007fff9a4c7000 	C:\WINDOWS\System32\cryptsp.dll
0x00007fff699a0000 - 0x00007fff699ba000 	C:\Program Files\Android\Android Studio\jre\jre\bin\net.dll
0x00007fff99ba0000 - 0x00007fff99c07000 	C:\WINDOWS\system32\mswsock.dll
0x00007fff689b0000 - 0x00007fff689c3000 	C:\Program Files\Android\Android Studio\jre\jre\bin\nio.dll
0x00007fff8e340000 - 0x00007fff8e366000 	C:\Users\filip\.gradle\native\31\windows-amd64\native-platform.dll
0x00007fff7b9a0000 - 0x00007fff7b9ad000 	C:\Program Files\Android\Android Studio\jre\jre\bin\management.dll
0x00007fff99710000 - 0x00007fff99743000 	C:\WINDOWS\system32\rsaenh.dll
0x00007fff9b300000 - 0x00007fff9b326000 	C:\WINDOWS\System32\bcrypt.dll
0x00007fff9a2b0000 - 0x00007fff9a2d5000 	C:\WINDOWS\SYSTEM32\USERENV.dll
0x00007fff99d70000 - 0x00007fff99d7c000 	C:\WINDOWS\SYSTEM32\CRYPTBASE.dll
0x00007fff998b0000 - 0x00007fff998ea000 	C:\WINDOWS\SYSTEM32\IPHLPAPI.DLL
0x00007fff9d240000 - 0x00007fff9d248000 	C:\WINDOWS\System32\NSI.dll
0x00007fff91fd0000 - 0x00007fff91fe6000 	C:\WINDOWS\SYSTEM32\dhcpcsvc6.DLL
0x00007fff93440000 - 0x00007fff9345c000 	C:\WINDOWS\SYSTEM32\dhcpcsvc.DLL
0x00007fff998f0000 - 0x00007fff999bb000 	C:\WINDOWS\SYSTEM32\DNSAPI.dll
0x0000000066e00000 - 0x0000000066f03000 	C:\Users\filip\AppData\Local\Temp\sqlite-3.25.2-f0754777-d329-4dc5-b4f8-c91e454e37e7-sqlitejdbc.dll
0x00007fff95170000 - 0x00007fff9518e000 	C:\Users\filip\AppData\Local\Temp\native-platform1498348988142146750dir\native-platform.dll
0x00007fff62760000 - 0x00007fff62784000 	C:\Program Files\Android\Android Studio\jre\jre\bin\sunec.dll
0x00007fff8d5b0000 - 0x00007fff8d5ba000 	C:\Windows\System32\rasadhlp.dll
0x00007fff915d0000 - 0x00007fff91647000 	C:\WINDOWS\System32\fwpuclnt.dll
0x00007fff74be0000 - 0x00007fff74beb000 	C:\Program Files\Android\Android Studio\jre\jre\bin\sunmscapi.dll
0x00007fff9b440000 - 0x00007fff9b589000 	C:\WINDOWS\System32\CRYPT32.dll
0x00007fff9a410000 - 0x00007fff9a422000 	C:\WINDOWS\System32\MSASN1.dll

VM Arguments:
jvm_args: -Xmx2048m -Dfile.encoding=windows-1252 -Duser.country=BR -Duser.language=pt -Duser.variant 
java_command: org.gradle.launcher.daemon.bootstrap.GradleDaemon 6.1.1
java_class_path (initial): C:\Users\filip\.gradle\wrapper\dists\gradle-6.1.1-all\cfmwm155h49vnt3hynmlrsdst\gradle-6.1.1\lib\gradle-launcher-6.1.1.jar
Launcher Type: SUN_STANDARD

Environment Variables:
JAVA_HOME=C:\Program Files\Java\jdk1.8.0_144
PATH=C:\Program Files (x86)\Common Files\Oracle\Java\javapath;C:\ProgramData\Oracle\Java\javapath;C:\WINDOWS\system32;C:\WINDOWS;C:\WINDOWS\System32\Wbem;C:\WINDOWS\System32\WindowsPowerShell\v1.0\;C:\WINDOWS\System32\OpenSSH\;C:\Program Files\nodejs\;C:\Program Files\Git\cmd;C:\Program Files\MongoDB\Server\4.0\bin;C:\Program Files (x86)\Intel\Intel(R) Management Engine Components\DAL;C:\Program Files\Intel\Intel(R) Management Engine Components\DAL;C:\Users\filip\AppData\Local\Microsoft\WindowsApps;;C:\Users\filip\AppData\Roaming\npm;C:\Users\filip\AppData\Local\Programs\Microsoft VS Code\bin
USERNAME=filip
OS=Windows_NT
PROCESSOR_IDENTIFIER=Intel64 Family 6 Model 142 Stepping 10, GenuineIntel



---------------  S Y S T E M  ---------------

OS: Windows 10.0 , 64 bit Build 18362 (10.0.18362.959)

CPU:total 8 (initial active 8) (4 cores per cpu, 2 threads per core) family 6 model 142 stepping 10, cmov, cx8, fxsr, mmx, sse, sse2, sse3, ssse3, sse4.1, sse4.2, popcnt, avx, avx2, aes, clmul, erms, 3dnowpref, lzcnt, ht, tsc, tscinvbit, bmi1, bmi2, adx

Memory: 4k page, physical 8250416k(550512k free), swap 11322416k(8632k free)

vm_info: OpenJDK 64-Bit Server VM (25.242-b01) for windows-amd64 JRE (1.8.0_242-release-1644-b01), built by "builder" with MS VC++ 10.0 (VS2010)

time: Sat Aug 08 18:31:12 2020
timezone: Hora Padrão de Buenos Aires
elapsed time: 1535 seconds (0d 0h 25m 35s)

