#
# There is insufficient memory for the Java Runtime Environment to continue.
# Native memory allocation (malloc) failed to allocate 65552 bytes for Chunk::new
# Possible reasons:
#   The system is out of physical RAM or swap space
#   The process is running with CompressedOops enabled, and the Java Heap may be blocking the growth of the native heap
# Possible solutions:
#   Reduce memory load on the system
#   Increase physical memory or swap space
#   Check if swap backing store is full
#   Decrease Java heap size (-Xmx/-Xms)
#   Decrease number of Java threads
#   Decrease Java thread stack sizes (-Xss)
#   Set larger code cache with -XX:ReservedCodeCacheSize=
#   JVM is running with Unscaled Compressed Oops mode in which the Java heap is
#     placed in the first 4GB address space. The Java Heap base address is the
#     maximum limit for the native heap growth. Please use -XX:HeapBaseMinAddress
#     to set the Java Heap base and to place the Java Heap above 4GB virtual address.
# This output file may be truncated or incomplete.
#
#  Out of Memory Error (allocation.cpp:389), pid=6596, tid=0x0000000000000114
#
# JRE version: OpenJDK Runtime Environment (8.0_242-b01) (build 1.8.0_242-release-1644-b01)
# Java VM: OpenJDK 64-Bit Server VM (25.242-b01 mixed mode windows-amd64 compressed oops)
# Failed to write core dump. Minidumps are not enabled by default on client versions of Windows
#

---------------  T H R E A D  ---------------

Current thread (0x000000001a194800):  JavaThread "C2 CompilerThread0" daemon [_thread_in_native, id=276, stack(0x000000001aa70000,0x000000001ab70000)]

Stack: [0x000000001aa70000,0x000000001ab70000]
[error occurred during error reporting (printing stack bounds), id 0xc0000005]

Native frames: (J=compiled Java code, j=interpreted, Vv=VM code, C=native code)


Current CompileTask:
C2:4360770 19275   !   4       java.lang.Class::getEnumConstantsShared (73 bytes)


---------------  P R O C E S S  ---------------

Java Threads: ( => current thread )
  0x000000001fe7a000 JavaThread "ForkJoinPool.commonPool-worker-7" daemon [_thread_blocked, id=14492, stack(0x000000002df60000,0x000000002e060000)]
  0x000000001fe80800 JavaThread "ForkJoinPool.commonPool-worker-6" daemon [_thread_blocked, id=4652, stack(0x000000002de60000,0x000000002df60000)]
  0x000000001fe79000 JavaThread "ForkJoinPool.commonPool-worker-5" daemon [_thread_blocked, id=12172, stack(0x000000002dd60000,0x000000002de60000)]
  0x000000001fe80000 JavaThread "ForkJoinPool.commonPool-worker-4" daemon [_thread_blocked, id=14888, stack(0x000000002dc60000,0x000000002dd60000)]
  0x000000001fe7e800 JavaThread "ForkJoinPool.commonPool-worker-3" daemon [_thread_blocked, id=10216, stack(0x000000002db60000,0x000000002dc60000)]
  0x000000001fe7c000 JavaThread "ForkJoinPool.commonPool-worker-2" daemon [_thread_blocked, id=15292, stack(0x000000002da60000,0x000000002db60000)]
  0x000000001fe78800 JavaThread "ForkJoinPool.commonPool-worker-1" daemon [_thread_blocked, id=4088, stack(0x000000002d960000,0x000000002da60000)]
  0x000000001fe7d000 JavaThread "WorkerExecutor Queue Thread 3" [_thread_blocked, id=12528, stack(0x000000002d260000,0x000000002d360000)]
  0x000000001fe7f000 JavaThread "RMI TCP Connection(1)-127.0.0.1" daemon [_thread_in_native, id=3460, stack(0x000000002d160000,0x000000002d260000)]
  0x000000001fe7d800 JavaThread "RMI Reaper" [_thread_blocked, id=16284, stack(0x000000002d060000,0x000000002d160000)]
  0x000000001fe75800 JavaThread "RMI TCP Accept-0" daemon [_thread_in_native, id=10040, stack(0x000000002cf60000,0x000000002d060000)]
  0x000000001fe77800 JavaThread "GC Daemon" daemon [_thread_blocked, id=12796, stack(0x000000002ce60000,0x000000002cf60000)]
  0x000000001fe77000 JavaThread "RMI Scheduler(0)" daemon [_thread_blocked, id=11072, stack(0x000000002c4c0000,0x000000002c5c0000)]
  0x000000001fe76000 JavaThread "stdout" [_thread_in_native, id=9192, stack(0x000000002ca60000,0x000000002cb60000)]
  0x000000001fe74800 JavaThread "stderr" [_thread_in_native, id=13712, stack(0x000000002c6c0000,0x000000002c7c0000)]
  0x000000001fe7a800 JavaThread "pool-11-thread-1" [_thread_blocked, id=10224, stack(0x000000002c5c0000,0x000000002c6c0000)]
  0x000000001c575000 JavaThread "WorkerExecutor Queue" [_thread_blocked, id=15664, stack(0x000000002c3c0000,0x000000002c4c0000)]
  0x000000001b653800 JavaThread "Cache worker for execution history cache (C:\Users\filip\OneDrive\Documentos\Dev\FrameworkTest\.gradle\6.1.1\executionHistory)" [_thread_blocked, id=7804, stack(0x000000002b0f0000,0x000000002b1f0000)]
  0x000000001b65a800 JavaThread "Execution worker for ':' Thread 7" [_thread_blocked, id=10564, stack(0x000000002aff0000,0x000000002b0f0000)]
  0x000000001b657800 JavaThread "Execution worker for ':' Thread 6" [_thread_blocked, id=15460, stack(0x000000002aef0000,0x000000002aff0000)]
  0x000000001b65a000 JavaThread "Execution worker for ':' Thread 5" [_thread_blocked, id=8760, stack(0x000000002adf0000,0x000000002aef0000)]
  0x000000001b656800 JavaThread "Execution worker for ':' Thread 4" [_thread_blocked, id=12632, stack(0x0000000029d20000,0x0000000029e20000)]
  0x000000001b656000 JavaThread "Execution worker for ':' Thread 3" [_thread_blocked, id=14852, stack(0x0000000029c20000,0x0000000029d20000)]
  0x000000001b659000 JavaThread "Execution worker for ':' Thread 2" [_thread_blocked, id=12840, stack(0x0000000029b20000,0x0000000029c20000)]
  0x000000001b658000 JavaThread "Execution worker for ':'" [_thread_blocked, id=9748, stack(0x0000000029a20000,0x0000000029b20000)]
  0x000000001b655000 JavaThread "Cache worker for file content cache (C:\Users\filip\OneDrive\Documentos\Dev\FrameworkTest\.gradle\6.1.1\fileContent)" [_thread_blocked, id=9320, stack(0x0000000029410000,0x0000000029510000)]
  0x000000001b64d000 JavaThread "Cache worker for file content cache (C:\Users\filip\.gradle\caches\6.1.1\fileContent)" [_thread_blocked, id=4296, stack(0x0000000029310000,0x0000000029410000)]
  0x000000001b653000 JavaThread "Cache worker for Build Output Cleanup Cache (C:\Users\filip\OneDrive\Documentos\Dev\FrameworkTest\.gradle\buildOutputCleanup)" [_thread_blocked, id=15276, stack(0x0000000029920000,0x0000000029a20000)]
  0x000000001b651800 JavaThread "pool-7-thread-1" [_thread_blocked, id=9940, stack(0x0000000029710000,0x0000000029810000)]
  0x000000001b650800 JavaThread "Build operations Thread 8" [_thread_blocked, id=7544, stack(0x00000000282f0000,0x00000000283f0000)]
  0x000000001b650000 JavaThread "Build operations Thread 7" [_thread_blocked, id=16252, stack(0x0000000026bf0000,0x0000000026cf0000)]
  0x000000001b64f000 JavaThread "Build operations Thread 6" [_thread_blocked, id=7184, stack(0x00000000268f0000,0x00000000269f0000)]
  0x000000001b652000 JavaThread "Build operations Thread 5" [_thread_blocked, id=8216, stack(0x00000000261f0000,0x00000000262f0000)]
  0x000000001b64e800 JavaThread "Build operations Thread 4" [_thread_blocked, id=14456, stack(0x00000000260f0000,0x00000000261f0000)]
  0x000000001b64c000 JavaThread "Build operations Thread 3" [_thread_blocked, id=9208, stack(0x0000000025ff0000,0x00000000260f0000)]
  0x000000001df90800 JavaThread "Build operations Thread 2" [_thread_blocked, id=11620, stack(0x0000000025ef0000,0x0000000025ff0000)]
  0x000000001df97800 JavaThread "Build operations" [_thread_blocked, id=9832, stack(0x0000000023920000,0x0000000023a20000)]
  0x000000001df96800 JavaThread "Cache worker for cache directory md-rule (C:\Users\filip\.gradle\caches\6.1.1\md-rule)" [_thread_blocked, id=13972, stack(0x0000000023590000,0x0000000023690000)]
  0x000000001df93000 JavaThread "Cache worker for cache directory md-supplier (C:\Users\filip\.gradle\caches\6.1.1\md-supplier)" [_thread_blocked, id=14964, stack(0x00000000214e0000,0x00000000215e0000)]
  0x000000001df94800 JavaThread "Cache worker for file hash cache (C:\Users\filip\OneDrive\Documentos\Dev\FrameworkTest\.gradle\6.1.1\fileHashes)" [_thread_blocked, id=16048, stack(0x0000000021150000,0x0000000021250000)]
  0x000000001df8b800 JavaThread "Cache worker for checksums cache (C:\Users\filip\OneDrive\Documentos\Dev\FrameworkTest\.gradle\checksums)" [_thread_blocked, id=6700, stack(0x0000000021050000,0x0000000021150000)]
  0x000000001df92000 JavaThread "Thread-67" [_thread_blocked, id=13000, stack(0x0000000020f50000,0x0000000021050000)]
  0x000000001df91800 JavaThread "Stdin handler" [_thread_blocked, id=11624, stack(0x000000001d9e0000,0x000000001dae0000)]
  0x000000001df8e800 JavaThread "Asynchronous log dispatcher for DefaultDaemonConnection: socket connection from /127.0.0.1:51744 to /127.0.0.1:52144" [_thread_blocked, id=2188, stack(0x000000001d6e0000,0x000000001d7e0000)]
  0x000000001df8f000 JavaThread "Daemon worker Thread 2" [_thread_blocked, id=13592, stack(0x000000001d5e0000,0x000000001d6e0000)]
  0x000000001df8a000 JavaThread "Cancel handler" [_thread_blocked, id=14308, stack(0x000000001d2e0000,0x000000001d3e0000)]
  0x000000001df89000 JavaThread "Handler for socket connection from /127.0.0.1:51744 to /127.0.0.1:52144" [_thread_in_native, id=3076, stack(0x000000001d1e0000,0x000000001d2e0000)]
  0x000000001df8d000 JavaThread "Daemon Thread 2" [_thread_blocked, id=14884, stack(0x00000000016f0000,0x00000000017f0000)]
  0x000000001df93800 JavaThread "Memory manager" [_thread_blocked, id=3900, stack(0x00000000278f0000,0x00000000279f0000)]
  0x000000001c576000 JavaThread "Cache worker for execution history cache (C:\Users\filip\.gradle\caches\6.1.1\executionHistory)" [_thread_blocked, id=10712, stack(0x0000000022a90000,0x0000000022b90000)]
  0x000000001c579000 JavaThread "Cache worker for file hash cache (C:\Users\filip\.gradle\caches\6.1.1\fileHashes)" [_thread_blocked, id=10120, stack(0x000000001eeb0000,0x000000001efb0000)]
  0x000000001c577800 JavaThread "File lock request listener" [_thread_in_native, id=13556, stack(0x000000001edb0000,0x000000001eeb0000)]
  0x000000001c578000 JavaThread "Cache worker for journal cache (C:\Users\filip\.gradle\caches\journal-1)" [_thread_blocked, id=6836, stack(0x000000001ecb0000,0x000000001edb0000)]
  0x000000001b763800 JavaThread "Daemon periodic checks" [_thread_blocked, id=8552, stack(0x000000001d0e0000,0x000000001d1e0000)]
  0x000000001beef000 JavaThread "Incoming local TCP Connector on port 51744" [_thread_in_native, id=6508, stack(0x000000001ce80000,0x000000001cf80000)]
  0x000000001b14b800 JavaThread "Daemon health stats" [_thread_blocked, id=9460, stack(0x000000001c840000,0x000000001c940000)]
  0x000000001a22a800 JavaThread "Service Thread" daemon [_thread_blocked, id=12372, stack(0x000000001ae70000,0x000000001af70000)]
  0x000000001a1ab800 JavaThread "C1 CompilerThread3" daemon [_thread_blocked, id=15264, stack(0x000000001ad70000,0x000000001ae70000)]
  0x000000001a1a5800 JavaThread "C2 CompilerThread2" daemon [_thread_in_native, id=15200, stack(0x000000001ac70000,0x000000001ad70000)]
  0x000000001a197800 JavaThread "C2 CompilerThread1" daemon [_thread_in_native, id=12876, stack(0x000000001ab70000,0x000000001ac70000)]
=>0x000000001a194800 JavaThread "C2 CompilerThread0" daemon [_thread_in_native, id=276, stack(0x000000001aa70000,0x000000001ab70000)]
  0x000000001a18f000 JavaThread "Attach Listener" daemon [_thread_blocked, id=13076, stack(0x000000001a970000,0x000000001aa70000)]
  0x000000001a18e000 JavaThread "Signal Dispatcher" daemon [_thread_blocked, id=11172, stack(0x000000001a870000,0x000000001a970000)]
  0x000000001a181000 JavaThread "Finalizer" daemon [_thread_blocked, id=7236, stack(0x000000001a660000,0x000000001a760000)]
  0x000000001a180800 JavaThread "Reference Handler" daemon [_thread_blocked, id=12548, stack(0x000000001a560000,0x000000001a660000)]
  0x000000000193e000 JavaThread "main" [_thread_blocked, id=12248, stack(0x0000000003120000,0x0000000003220000)]

Other Threads:
  0x0000000018388000 VMThread [stack: 0x000000001a060000,0x000000001a160000] [id=14356]
  0x000000001a22b800 WatcherThread [stack: 0x000000001af70000,0x000000001b070000] [id=14076]

VM state:at safepoint (normal execution)

VM Mutex/Monitor currently owned by a thread:  ([mutex/lock_event])
[0x000000000193d280] Threads_lock - owner thread: 0x0000000018388000
[0x000000000193cc00] Heap_lock - owner thread: 0x000000001c575000

OutOfMemory and StackOverflow Exception counts:
OutOfMemoryError java_heap_errors=4

heap address: 0x0000000080000000, size: 2048 MB, Compressed Oops mode: 32-bit
Narrow klass base: 0x0000000000000000, Narrow klass shift: 3
Compressed class space size: 1073741824 Address: 0x0000000100000000

Heap:
 PSYoungGen      total 455168K, used 28071K [0x00000000d5580000, 0x00000000f6e00000, 0x0000000100000000)
  eden space 413184K, 0% used [0x00000000d5580000,0x00000000d5580000,0x00000000ee900000)
  from space 41984K, 66% used [0x00000000f4500000,0x00000000f6069dc0,0x00000000f6e00000)
  to   space 39424K, 0% used [0x00000000ee900000,0x00000000ee900000,0x00000000f0f80000)
 ParOldGen       total 156672K, used 53691K [0x0000000080000000, 0x0000000089900000, 0x00000000d5580000)
  object space 156672K, 34% used [0x0000000080000000,0x000000008346eeb8,0x0000000089900000)
 Metaspace       used 106107K, capacity 110132K, committed 112152K, reserved 1150976K
  class space    used 13354K, capacity 14164K, committed 14640K, reserved 1048576K

Card table byte_map: [0x00000000126e0000,0x0000000012af0000] byte_map_base: 0x00000000122e0000

Marking Bits: (ParMarkBitMap*) 0x0000000072a7f030
 Begin Bits: [0x00000000135a0000, 0x00000000155a0000)
 End Bits:   [0x00000000155a0000, 0x00000000175a0000)

Polling page: 0x00000000013e0000

CodeCache: size=245760Kb used=56536Kb max_used=56548Kb free=189223Kb
 bounds [0x0000000003320000, 0x0000000006aa0000, 0x0000000012320000]
 total_blobs=16747 nmethods=15796 adapters=862
 compilation: enabled

Compilation events (10 events):
Event: 4360.699 Thread 0x000000001a1ab800 19467       3       com.android.tools.r8.graph.W::a (43 bytes)
Event: 4360.699 Thread 0x000000001a1ab800 nmethod 19467 0x0000000006a8d510 code [0x0000000006a8d6c0, 0x0000000006a8dcd8]
Event: 4360.699 Thread 0x000000001a1ab800 19469  s    3       com.android.tools.r8.graph.W::b (158 bytes)
Event: 4360.700 Thread 0x000000001a1ab800 nmethod 19469 0x0000000006a8cb50 code [0x0000000006a8cd00, 0x0000000006a8d348]
Event: 4360.700 Thread 0x000000001a1ab800 19470       3       com.android.tools.r8.graph.f0::<init> (66 bytes)
Event: 4360.700 Thread 0x000000001a1ab800 nmethod 19470 0x0000000006a8c450 code [0x0000000006a8c5e0, 0x0000000006a8c970]
Event: 4360.700 Thread 0x000000001a1ab800 19471       3       com.android.tools.r8.graph.d0::<init> (5 bytes)
Event: 4360.700 Thread 0x000000001a1ab800 nmethod 19471 0x0000000006a8be90 code [0x0000000006a8c000, 0x0000000006a8c2f0]
Event: 4360.704 Thread 0x000000001a197800 nmethod 19440 0x0000000006a98550 code [0x0000000006a986e0, 0x0000000006a98b78]
Event: 4360.704 Thread 0x000000001a197800 19423   !   4       java.util.zip.ZipFile::getInflater (56 bytes)

GC Heap History (10 events):
Event: 4342.120 GC heap after
Heap after GC invocations=32 (full 4):
 PSYoungGen      total 398336K, used 16189K [0x00000000d5580000, 0x00000000eff80000, 0x0000000100000000)
  eden space 360960K, 0% used [0x00000000d5580000,0x00000000d5580000,0x00000000eb600000)
  from space 37376K, 43% used [0x00000000ed900000,0x00000000ee8cf490,0x00000000efd80000)
  to   space 35840K, 0% used [0x00000000eb600000,0x00000000eb600000,0x00000000ed900000)
 ParOldGen       total 156672K, used 47664K [0x0000000080000000, 0x0000000089900000, 0x00000000d5580000)
  object space 156672K, 30% used [0x0000000080000000,0x0000000082e8c1e8,0x0000000089900000)
 Metaspace       used 93692K, capacity 97100K, committed 100248K, reserved 1136640K
  class space    used 11936K, capacity 12622K, committed 13232K, reserved 1048576K
}
Event: 4344.706 GC heap before
{Heap before GC invocations=33 (full 4):
 PSYoungGen      total 398336K, used 377149K [0x00000000d5580000, 0x00000000eff80000, 0x0000000100000000)
  eden space 360960K, 100% used [0x00000000d5580000,0x00000000eb600000,0x00000000eb600000)
  from space 37376K, 43% used [0x00000000ed900000,0x00000000ee8cf490,0x00000000efd80000)
  to   space 35840K, 0% used [0x00000000eb600000,0x00000000eb600000,0x00000000ed900000)
 ParOldGen       total 156672K, used 47664K [0x0000000080000000, 0x0000000089900000, 0x00000000d5580000)
  object space 156672K, 30% used [0x0000000080000000,0x0000000082e8c1e8,0x0000000089900000)
 Metaspace       used 94663K, capacity 98142K, committed 101144K, reserved 1136640K
  class space    used 12047K, capacity 12735K, committed 13360K, reserved 1048576K
Event: 4344.725 GC heap after
Heap after GC invocations=33 (full 4):
 PSYoungGen      total 396800K, used 32463K [0x00000000d5580000, 0x00000000f3d80000, 0x0000000100000000)
  eden space 360960K, 0% used [0x00000000d5580000,0x00000000d5580000,0x00000000eb600000)
  from space 35840K, 90% used [0x00000000eb600000,0x00000000ed5b3cf0,0x00000000ed900000)
  to   space 39936K, 0% used [0x00000000f1680000,0x00000000f1680000,0x00000000f3d80000)
 ParOldGen       total 156672K, used 50720K [0x0000000080000000, 0x0000000089900000, 0x00000000d5580000)
  object space 156672K, 32% used [0x0000000080000000,0x0000000083188288,0x0000000089900000)
 Metaspace       used 94663K, capacity 98142K, committed 101144K, reserved 1136640K
  class space    used 12047K, capacity 12735K, committed 13360K, reserved 1048576K
}
Event: 4348.120 GC heap before
{Heap before GC invocations=34 (full 4):
 PSYoungGen      total 396800K, used 393423K [0x00000000d5580000, 0x00000000f3d80000, 0x0000000100000000)
  eden space 360960K, 100% used [0x00000000d5580000,0x00000000eb600000,0x00000000eb600000)
  from space 35840K, 90% used [0x00000000eb600000,0x00000000ed5b3cf0,0x00000000ed900000)
  to   space 39936K, 0% used [0x00000000f1680000,0x00000000f1680000,0x00000000f3d80000)
 ParOldGen       total 156672K, used 50720K [0x0000000080000000, 0x0000000089900000, 0x00000000d5580000)
  object space 156672K, 32% used [0x0000000080000000,0x0000000083188288,0x0000000089900000)
 Metaspace       used 95510K, capacity 99038K, committed 101656K, reserved 1138688K
  class space    used 12132K, capacity 12819K, committed 13360K, reserved 1048576K
Event: 4348.129 GC heap after
Heap after GC invocations=34 (full 4):
 PSYoungGen      total 445440K, used 6392K [0x00000000d5580000, 0x00000000f3600000, 0x0000000100000000)
  eden space 413184K, 0% used [0x00000000d5580000,0x00000000d5580000,0x00000000ee900000)
  from space 32256K, 19% used [0x00000000f1680000,0x00000000f1cbe358,0x00000000f3600000)
  to   space 39424K, 0% used [0x00000000ee900000,0x00000000ee900000,0x00000000f0f80000)
 ParOldGen       total 156672K, used 50816K [0x0000000080000000, 0x0000000089900000, 0x00000000d5580000)
  object space 156672K, 32% used [0x0000000080000000,0x00000000831a02a8,0x0000000089900000)
 Metaspace       used 95510K, capacity 99038K, committed 101656K, reserved 1138688K
  class space    used 12132K, capacity 12819K, committed 13360K, reserved 1048576K
}
Event: 4360.359 GC heap before
{Heap before GC invocations=35 (full 4):
 PSYoungGen      total 445440K, used 419576K [0x00000000d5580000, 0x00000000f3600000, 0x0000000100000000)
  eden space 413184K, 100% used [0x00000000d5580000,0x00000000ee900000,0x00000000ee900000)
  from space 32256K, 19% used [0x00000000f1680000,0x00000000f1cbe358,0x00000000f3600000)
  to   space 39424K, 0% used [0x00000000ee900000,0x00000000ee900000,0x00000000f0f80000)
 ParOldGen       total 156672K, used 50816K [0x0000000080000000, 0x0000000089900000, 0x00000000d5580000)
  object space 156672K, 32% used [0x0000000080000000,0x00000000831a02a8,0x0000000089900000)
 Metaspace       used 104366K, capacity 108268K, committed 110360K, reserved 1144832K
  class space    used 13138K, capacity 13944K, committed 14384K, reserved 1048576K
Event: 4360.389 GC heap after
Heap after GC invocations=35 (full 4):
 PSYoungGen      total 452608K, used 28730K [0x00000000d5580000, 0x00000000f6e00000, 0x0000000100000000)
  eden space 413184K, 0% used [0x00000000d5580000,0x00000000d5580000,0x00000000ee900000)
  from space 39424K, 72% used [0x00000000ee900000,0x00000000f050e9b0,0x00000000f0f80000)
  to   space 41984K, 0% used [0x00000000f4500000,0x00000000f4500000,0x00000000f6e00000)
 ParOldGen       total 156672K, used 53683K [0x0000000080000000, 0x0000000089900000, 0x00000000d5580000)
  object space 156672K, 34% used [0x0000000080000000,0x000000008346ceb8,0x0000000089900000)
 Metaspace       used 104366K, capacity 108268K, committed 110360K, reserved 1144832K
  class space    used 13138K, capacity 13944K, committed 14384K, reserved 1048576K
}
Event: 4360.714 GC heap before
{Heap before GC invocations=36 (full 4):
 PSYoungGen      total 452608K, used 88401K [0x00000000d5580000, 0x00000000f6e00000, 0x0000000100000000)
  eden space 413184K, 14% used [0x00000000d5580000,0x00000000d8fc5b68,0x00000000ee900000)
  from space 39424K, 72% used [0x00000000ee900000,0x00000000f050e9b0,0x00000000f0f80000)
  to   space 41984K, 0% used [0x00000000f4500000,0x00000000f4500000,0x00000000f6e00000)
 ParOldGen       total 156672K, used 53683K [0x0000000080000000, 0x0000000089900000, 0x00000000d5580000)
  object space 156672K, 34% used [0x0000000080000000,0x000000008346ceb8,0x0000000089900000)
 Metaspace       used 106107K, capacity 110132K, committed 112152K, reserved 1150976K
  class space    used 13354K, capacity 14164K, committed 14640K, reserved 1048576K
Event: 4360.745 GC heap after
Heap after GC invocations=36 (full 4):
 PSYoungGen      total 455168K, used 28071K [0x00000000d5580000, 0x00000000f6e00000, 0x0000000100000000)
  eden space 413184K, 0% used [0x00000000d5580000,0x00000000d5580000,0x00000000ee900000)
  from space 41984K, 66% used [0x00000000f4500000,0x00000000f6069dc0,0x00000000f6e00000)
  to   space 39424K, 0% used [0x00000000ee900000,0x00000000ee900000,0x00000000f0f80000)
 ParOldGen       total 156672K, used 53691K [0x0000000080000000, 0x0000000089900000, 0x00000000d5580000)
  object space 156672K, 34% used [0x0000000080000000,0x000000008346eeb8,0x0000000089900000)
 Metaspace       used 106107K, capacity 110132K, committed 112152K, reserved 1150976K
  class space    used 13354K, capacity 14164K, committed 14640K, reserved 1048576K
}
Event: 4360.745 GC heap before
{Heap before GC invocations=37 (full 5):
 PSYoungGen      total 455168K, used 28071K [0x00000000d5580000, 0x00000000f6e00000, 0x0000000100000000)
  eden space 413184K, 0% used [0x00000000d5580000,0x00000000d5580000,0x00000000ee900000)
  from space 41984K, 66% used [0x00000000f4500000,0x00000000f6069dc0,0x00000000f6e00000)
  to   space 39424K, 0% used [0x00000000ee900000,0x00000000ee900000,0x00000000f0f80000)
 ParOldGen       total 156672K, used 53691K [0x0000000080000000, 0x0000000089900000, 0x00000000d5580000)
  object space 156672K, 34% used [0x0000000080000000,0x000000008346eeb8,0x0000000089900000)
 Metaspace       used 106107K, capacity 110132K, committed 112152K, reserved 1150976K
  class space    used 13354K, capacity 14164K, committed 14640K, reserved 1048576K

Deoptimization events (10 events):
Event: 4359.925 Thread 0x000000001b653800 Uncommon trap: reason=bimorphic action=maybe_recompile pc=0x0000000005eeab08 method=org.gradle.cache.internal.btree.FileBackedBlockStore$BlockImpl.write()V @ 29
Event: 4360.126 Thread 0x000000001c575000 Uncommon trap: reason=unstable_if action=reinterpret pc=0x000000000427436c method=java.lang.StringCoding$StringDecoder.decode([BII)[C @ 20
Event: 4360.263 Thread 0x000000001c575000 Uncommon trap: reason=unstable_if action=reinterpret pc=0x0000000006265420 method=com.sun.tools.javac.util.Name$Table.equals([BI[BII)Z @ 22
Event: 4360.282 Thread 0x000000001c575000 Uncommon trap: reason=unstable_if action=reinterpret pc=0x0000000005909168 method=com.sun.tools.javac.code.Scope.getIndex(Lcom/sun/tools/javac/util/Name;)I @ 60
Event: 4360.347 Thread 0x000000001c575000 Uncommon trap: reason=unstable_if action=reinterpret pc=0x00000000069ee044 method=com.sun.tools.javac.jvm.ClassReader.classSigToType()Lcom/sun/tools/javac/code/Type; @ 148
Event: 4360.403 Thread 0x000000001b656000 Uncommon trap: reason=unstable_if action=reinterpret pc=0x0000000004de9100 method=com.android.tools.r8.utils.f1.a(Ljava/lang/String;)Z @ 24
Event: 4360.513 Thread 0x000000001b656000 Uncommon trap: reason=unloaded action=reinterpret pc=0x000000000361300c method=java.util.regex.Pattern.newSlice([IIZ)Ljava/util/regex/Pattern$Node; @ 68
Event: 4360.615 Thread 0x000000001c575000 Uncommon trap: reason=unstable_if action=reinterpret pc=0x0000000005da68d4 method=java.lang.Long.equals(Ljava/lang/Object;)Z @ 19
Event: 4360.615 Thread 0x000000001c575000 Uncommon trap: reason=unstable_if action=reinterpret pc=0x000000000353df4c method=java.util.concurrent.ConcurrentHashMap.get(Ljava/lang/Object;)Ljava/lang/Object; @ 76
Event: 4360.713 Thread 0x000000001c575000 Uncommon trap: reason=class_check action=maybe_recompile pc=0x00000000052ed2d4 method=com.sun.tools.javac.util.ListBuffer.next()Ljava/lang/Object; @ 12

Classes redefined (0 events):
No events

Internal exceptions (10 events):
Event: 4360.636 Thread 0x000000001b656000 Exception <a 'sun/nio/fs/WindowsException'> (0x00000000d7bd1738) thrown at [C:\src\AOSP-openjdk-git\hotspot\src\share\vm\prims\jni.cpp, line 710]
Event: 4360.636 Thread 0x000000001b657800 Exception <a 'sun/nio/fs/WindowsException'> (0x00000000d7d7d3d8) thrown at [C:\src\AOSP-openjdk-git\hotspot\src\share\vm\prims\jni.cpp, line 710]
Event: 4360.636 Thread 0x000000001b65a000 Exception <a 'sun/nio/fs/WindowsException'> (0x00000000d7f18700) thrown at [C:\src\AOSP-openjdk-git\hotspot\src\share\vm\prims\jni.cpp, line 710]
Event: 4360.636 Thread 0x000000001b659000 Exception <a 'sun/nio/fs/WindowsException'> (0x00000000d6d9f500) thrown at [C:\src\AOSP-openjdk-git\hotspot\src\share\vm\prims\jni.cpp, line 710]
Event: 4360.637 Thread 0x000000001df8f000 Exception <a 'sun/nio/fs/WindowsException'> (0x00000000d7d3a780) thrown at [C:\src\AOSP-openjdk-git\hotspot\src\share\vm\prims\jni.cpp, line 710]
Event: 4360.638 Thread 0x000000001b65a800 Exception <a 'sun/nio/fs/WindowsException'> (0x00000000d72a57c0) thrown at [C:\src\AOSP-openjdk-git\hotspot\src\share\vm\prims\jni.cpp, line 710]
Event: 4360.706 Thread 0x000000001b656800 Exception <a 'java/lang/OutOfMemoryError'> (0x00000000d8dd1c18) thrown at [C:\src\AOSP-openjdk-git\hotspot\src\share\vm\prims\jni.cpp, line 737]
Event: 4360.713 Thread 0x000000001c575000 Exception <a 'java/lang/OutOfMemoryError'> (0x00000000d8db9db8) thrown at [C:\src\AOSP-openjdk-git\hotspot\src\share\vm\prims\jni.cpp, line 737]
Event: 4360.713 Thread 0x000000001c575000 Exception <a 'java/lang/OutOfMemoryError'> (0x00000000d8db9db8) thrown at [C:\src\AOSP-openjdk-git\hotspot\src\share\vm\prims\jvm.cpp, line 1506]
Event: 4360.713 Thread 0x000000001c575000 Exception <a 'java/lang/OutOfMemoryError'> (0x00000000d8db9db8) thrown at [C:\src\AOSP-openjdk-git\hotspot\src\share\vm\prims\jvm.cpp, line 1506]

Events (10 events):
Event: 4360.713 Thread 0x000000001c575000 Uncommon trap: trap_request=0xffffffde fr.pc=0x00000000052ed2d4
Event: 4360.714 Thread 0x000000001c575000 DEOPT PACKING pc=0x00000000052ed2d4 sp=0x000000002c4bd5a0
Event: 4360.714 Thread 0x000000001c575000 DEOPT UNPACKING pc=0x000000000336557b sp=0x000000002c4bd540 mode 2
Event: 4360.714 loading class com/sun/tools/javac/processing/JavacProcessingEnvironment$ServiceIterator
Event: 4360.714 loading class com/sun/tools/javac/processing/JavacProcessingEnvironment$ServiceIterator done
Event: 4360.714 loading class org/jetbrains/kotlin/kapt3/base/util/KaptBaseError
Event: 4360.714 loading class org/jetbrains/kotlin/kapt3/base/util/KaptBaseError done
Event: 4360.714 loading class org/jetbrains/kotlin/kapt3/base/util/KaptBaseError$Kind
Event: 4360.714 loading class org/jetbrains/kotlin/kapt3/base/util/KaptBaseError$Kind done
Event: 4360.714 Executing VM operation: CollectForMetadataAllocation


Dynamic libraries:
0x00007ff6014f0000 - 0x00007ff601521000 	C:\Program Files\Android\Android Studio\jre\bin\java.exe
0x00007fff9d4e0000 - 0x00007fff9d6d0000 	C:\WINDOWS\SYSTEM32\ntdll.dll
0x00007fff9b900000 - 0x00007fff9b9b2000 	C:\WINDOWS\System32\KERNEL32.DLL
0x00007fff9a580000 - 0x00007fff9a824000 	C:\WINDOWS\System32\KERNELBASE.dll
0x00007fff9cb30000 - 0x00007fff9cbd3000 	C:\WINDOWS\System32\ADVAPI32.dll
0x00007fff9d330000 - 0x00007fff9d3ce000 	C:\WINDOWS\System32\msvcrt.dll
0x00007fff9be80000 - 0x00007fff9bf17000 	C:\WINDOWS\System32\sechost.dll
0x00007fff9b7e0000 - 0x00007fff9b900000 	C:\WINDOWS\System32\RPCRT4.dll
0x00007fff9bce0000 - 0x00007fff9be74000 	C:\WINDOWS\System32\USER32.dll
0x00007fff9b410000 - 0x00007fff9b431000 	C:\WINDOWS\System32\win32u.dll
0x00007fff9b9c0000 - 0x00007fff9b9e6000 	C:\WINDOWS\System32\GDI32.dll
0x00007fff9a9d0000 - 0x00007fff9ab66000 	C:\WINDOWS\System32\gdi32full.dll
0x00007fff9a930000 - 0x00007fff9a9ce000 	C:\WINDOWS\System32\msvcp_win.dll
0x00007fff9a830000 - 0x00007fff9a92a000 	C:\WINDOWS\System32\ucrtbase.dll
0x00007fff8f6e0000 - 0x00007fff8f964000 	C:\WINDOWS\WinSxS\amd64_microsoft.windows.common-controls_6595b64144ccf1df_6.0.18362.959_none_e6c7bbbf130c62bb\COMCTL32.dll
0x00007fff9c620000 - 0x00007fff9c955000 	C:\WINDOWS\System32\combase.dll
0x00007fff9b330000 - 0x00007fff9b3b0000 	C:\WINDOWS\System32\bcryptPrimitives.dll
0x00007fff9d190000 - 0x00007fff9d1be000 	C:\WINDOWS\System32\IMM32.DLL
0x00000000720f0000 - 0x00000000721c2000 	C:\Program Files\Android\Android Studio\jre\jre\bin\msvcr100.dll
0x00000000722b0000 - 0x0000000072afb000 	C:\Program Files\Android\Android Studio\jre\jre\bin\server\jvm.dll
0x00007fff9c610000 - 0x00007fff9c618000 	C:\WINDOWS\System32\PSAPI.DLL
0x00007fff8d4d0000 - 0x00007fff8d4d9000 	C:\WINDOWS\SYSTEM32\WSOCK32.dll
0x00007fff96e90000 - 0x00007fff96eb4000 	C:\WINDOWS\SYSTEM32\WINMM.dll
0x00007fff94320000 - 0x00007fff9432a000 	C:\WINDOWS\SYSTEM32\VERSION.dll
0x00007fff9d050000 - 0x00007fff9d0bf000 	C:\WINDOWS\System32\WS2_32.dll
0x00007fff96af0000 - 0x00007fff96b1d000 	C:\WINDOWS\SYSTEM32\WINMMBASE.dll
0x00007fff9a460000 - 0x00007fff9a4aa000 	C:\WINDOWS\System32\cfgmgr32.dll
0x00007fff7d1c0000 - 0x00007fff7d1cf000 	C:\Program Files\Android\Android Studio\jre\jre\bin\verify.dll
0x00007fff69c60000 - 0x00007fff69c89000 	C:\Program Files\Android\Android Studio\jre\jre\bin\java.dll
0x00007fff708a0000 - 0x00007fff708b6000 	C:\Program Files\Android\Android Studio\jre\jre\bin\zip.dll
0x00007fff9bf20000 - 0x00007fff9c606000 	C:\WINDOWS\System32\SHELL32.dll
0x00007fff9b6d0000 - 0x00007fff9b779000 	C:\WINDOWS\System32\shcore.dll
0x00007fff9ab70000 - 0x00007fff9b2f2000 	C:\WINDOWS\System32\windows.storage.dll
0x00007fff9a430000 - 0x00007fff9a453000 	C:\WINDOWS\System32\profapi.dll
0x00007fff9a3c0000 - 0x00007fff9a40a000 	C:\WINDOWS\System32\powrprof.dll
0x00007fff9a390000 - 0x00007fff9a3a0000 	C:\WINDOWS\System32\UMPDC.dll
0x00007fff9b780000 - 0x00007fff9b7d2000 	C:\WINDOWS\System32\shlwapi.dll
0x00007fff9a3a0000 - 0x00007fff9a3b1000 	C:\WINDOWS\System32\kernel.appcore.dll
0x00007fff9a4b0000 - 0x00007fff9a4c7000 	C:\WINDOWS\System32\cryptsp.dll
0x00007fff699a0000 - 0x00007fff699ba000 	C:\Program Files\Android\Android Studio\jre\jre\bin\net.dll
0x00007fff99ba0000 - 0x00007fff99c07000 	C:\WINDOWS\system32\mswsock.dll
0x00007fff689b0000 - 0x00007fff689c3000 	C:\Program Files\Android\Android Studio\jre\jre\bin\nio.dll
0x00007fff8e340000 - 0x00007fff8e366000 	C:\Users\filip\.gradle\native\31\windows-amd64\native-platform.dll
0x00007fff7b9a0000 - 0x00007fff7b9ad000 	C:\Program Files\Android\Android Studio\jre\jre\bin\management.dll
0x00007fff99710000 - 0x00007fff99743000 	C:\WINDOWS\system32\rsaenh.dll
0x00007fff9b300000 - 0x00007fff9b326000 	C:\WINDOWS\System32\bcrypt.dll
0x00007fff9a2b0000 - 0x00007fff9a2d5000 	C:\WINDOWS\SYSTEM32\USERENV.dll
0x00007fff99d70000 - 0x00007fff99d7c000 	C:\WINDOWS\SYSTEM32\CRYPTBASE.dll
0x00007fff998b0000 - 0x00007fff998ea000 	C:\WINDOWS\SYSTEM32\IPHLPAPI.DLL
0x00007fff9d240000 - 0x00007fff9d248000 	C:\WINDOWS\System32\NSI.dll
0x00007fff91fd0000 - 0x00007fff91fe6000 	C:\WINDOWS\SYSTEM32\dhcpcsvc6.DLL
0x00007fff93440000 - 0x00007fff9345c000 	C:\WINDOWS\SYSTEM32\dhcpcsvc.DLL
0x00007fff998f0000 - 0x00007fff999bb000 	C:\WINDOWS\SYSTEM32\DNSAPI.dll
0x00007fff62760000 - 0x00007fff62784000 	C:\Program Files\Android\Android Studio\jre\jre\bin\sunec.dll
0x00007fff8d5b0000 - 0x00007fff8d5ba000 	C:\Windows\System32\rasadhlp.dll
0x00007fff915d0000 - 0x00007fff91647000 	C:\WINDOWS\System32\fwpuclnt.dll
0x00007fff74be0000 - 0x00007fff74beb000 	C:\Program Files\Android\Android Studio\jre\jre\bin\sunmscapi.dll
0x00007fff9b440000 - 0x00007fff9b589000 	C:\WINDOWS\System32\CRYPT32.dll
0x00007fff9a410000 - 0x00007fff9a422000 	C:\WINDOWS\System32\MSASN1.dll
0x00007fff993c0000 - 0x00007fff993f1000 	C:\WINDOWS\SYSTEM32\ntmarta.dll
0x00007fff8ec40000 - 0x00007fff8ec5e000 	C:\Users\filip\AppData\Local\Temp\native-platform6248256740665080912dir\native-platform.dll

VM Arguments:
jvm_args: -Xmx2048m -Dfile.encoding=windows-1252 -Duser.country=BR -Duser.language=pt -Duser.variant 
java_command: org.gradle.launcher.daemon.bootstrap.GradleDaemon 6.1.1
java_class_path (initial): C:\Users\filip\.gradle\wrapper\dists\gradle-6.1.1-all\cfmwm155h49vnt3hynmlrsdst\gradle-6.1.1\lib\gradle-launcher-6.1.1.jar
Launcher Type: SUN_STANDARD

Environment Variables:
JAVA_HOME=C:\Program Files\Java\jdk1.8.0_144
PATH=C:\Program Files (x86)\Common Files\Oracle\Java\javapath;C:\ProgramData\Oracle\Java\javapath;C:\WINDOWS\system32;C:\WINDOWS;C:\WINDOWS\System32\Wbem;C:\WINDOWS\System32\WindowsPowerShell\v1.0\;C:\WINDOWS\System32\OpenSSH\;C:\Program Files\nodejs\;C:\Program Files\Git\cmd;C:\Program Files\MongoDB\Server\4.0\bin;C:\Program Files (x86)\Intel\Intel(R) Management Engine Components\DAL;C:\Program Files\Intel\Intel(R) Management Engine Components\DAL;C:\Users\filip\AppData\Local\Microsoft\WindowsApps;;C:\Users\filip\AppData\Roaming\npm;C:\Users\filip\AppData\Local\Programs\Microsoft VS Code\bin
USERNAME=filip
OS=Windows_NT
PROCESSOR_IDENTIFIER=Intel64 Family 6 Model 142 Stepping 10, GenuineIntel



---------------  S Y S T E M  ---------------

OS: Windows 10.0 , 64 bit Build 18362 (10.0.18362.959)

CPU:total 8 (initial active 8) (4 cores per cpu, 2 threads per core) family 6 model 142 stepping 10, cmov, cx8, fxsr, mmx, sse, sse2, sse3, ssse3, sse4.1, sse4.2, popcnt, avx, avx2, aes, clmul, erms, 3dnowpref, lzcnt, ht, tsc, tscinvbit, bmi1, bmi2, adx

Memory: 4k page, physical 8250416k(1293924k free), swap 11322416k(920k free)

vm_info: OpenJDK 64-Bit Server VM (25.242-b01) for windows-amd64 JRE (1.8.0_242-release-1644-b01), built by "builder" with MS VC++ 10.0 (VS2010)

time: Sat Aug 08 18:05:29 2020
timezone: Hora Padrão de Buenos Aires
elapsed time: 4360 seconds (0d 1h 12m 40s)

