#
# There is insufficient memory for the Java Runtime Environment to continue.
# Native memory allocation (malloc) failed to allocate 550016 bytes for Chunk::new
# Possible reasons:
#   The system is out of physical RAM or swap space
#   The process is running with CompressedOops enabled, and the Java Heap may be blocking the growth of the native heap
# Possible solutions:
#   Reduce memory load on the system
#   Increase physical memory or swap space
#   Check if swap backing store is full
#   Decrease Java heap size (-Xmx/-Xms)
#   Decrease number of Java threads
#   Decrease Java thread stack sizes (-Xss)
#   Set larger code cache with -XX:ReservedCodeCacheSize=
#   JVM is running with Unscaled Compressed Oops mode in which the Java heap is
#     placed in the first 4GB address space. The Java Heap base address is the
#     maximum limit for the native heap growth. Please use -XX:HeapBaseMinAddress
#     to set the Java Heap base and to place the Java Heap above 4GB virtual address.
# This output file may be truncated or incomplete.
#
#  Out of Memory Error (allocation.cpp:389), pid=11304, tid=0x0000000000003fb4
#
# JRE version: OpenJDK Runtime Environment (8.0_242-b01) (build 1.8.0_242-release-1644-b01)
# Java VM: OpenJDK 64-Bit Server VM (25.242-b01 mixed mode windows-amd64 compressed oops)
# Failed to write core dump. Minidumps are not enabled by default on client versions of Windows
#

---------------  T H R E A D  ---------------

Current thread (0x0000000019e6b800):  JavaThread "C2 CompilerThread1" daemon [_thread_in_native, id=16308, stack(0x000000001a840000,0x000000001a940000)]

Stack: [0x000000001a840000,0x000000001a940000]
[error occurred during error reporting (printing stack bounds), id 0xc0000005]

Native frames: (J=compiled Java code, j=interpreted, Vv=VM code, C=native code)


Current CompileTask:
C2:   2505 2554       4       org.jetbrains.kotlin.parsing.SemanticWhitespaceAwarePsiBuilderImpl::getTokenType (22 bytes)


---------------  P R O C E S S  ---------------

Java Threads: ( => current thread )
  0x0000000019f0f000 JavaThread "Service Thread" daemon [_thread_blocked, id=14296, stack(0x000000001ab40000,0x000000001ac40000)]
  0x0000000019e7c800 JavaThread "C1 CompilerThread3" daemon [_thread_blocked, id=11664, stack(0x000000001aa40000,0x000000001ab40000)]
  0x0000000019e71800 JavaThread "C2 CompilerThread2" daemon [_thread_in_native, id=15352, stack(0x000000001a940000,0x000000001aa40000)]
=>0x0000000019e6b800 JavaThread "C2 CompilerThread1" daemon [_thread_in_native, id=16308, stack(0x000000001a840000,0x000000001a940000)]
  0x0000000019e68800 JavaThread "C2 CompilerThread0" daemon [_thread_in_native, id=14608, stack(0x000000001a740000,0x000000001a840000)]
  0x0000000019e67800 JavaThread "Attach Listener" daemon [_thread_blocked, id=692, stack(0x000000001a640000,0x000000001a740000)]
  0x000000001807e800 JavaThread "Signal Dispatcher" daemon [_thread_blocked, id=2524, stack(0x000000001a540000,0x000000001a640000)]
  0x0000000018074000 JavaThread "Finalizer" daemon [_thread_blocked, id=3372, stack(0x000000001a330000,0x000000001a430000)]
  0x0000000019e50800 JavaThread "Reference Handler" daemon [_thread_blocked, id=2936, stack(0x000000001a230000,0x000000001a330000)]
  0x000000000303a800 JavaThread "main" [_thread_in_vm, id=8280, stack(0x0000000002ee0000,0x0000000002fe0000)]

Other Threads:
  0x0000000018066800 VMThread [stack: 0x0000000019d30000,0x0000000019e30000] [id=16332]
  0x0000000019f0f800 WatcherThread [stack: 0x000000001ac40000,0x000000001ad40000] [id=7988]

VM state:not at safepoint (normal execution)

VM Mutex/Monitor currently owned by a thread: None

heap address: 0x0000000082000000, size: 2016 MB, Compressed Oops mode: 32-bit
Narrow klass base: 0x0000000000000000, Narrow klass shift: 3
Compressed class space size: 1073741824 Address: 0x0000000100000000

Heap:
 PSYoungGen      total 136192K, used 4440K [0x00000000d6000000, 0x00000000e0c00000, 0x0000000100000000)
  eden space 131072K, 3% used [0x00000000d6000000,0x00000000d6456290,0x00000000de000000)
  from space 5120K, 0% used [0x00000000de000000,0x00000000de000000,0x00000000de500000)
  to   space 15872K, 0% used [0x00000000dfc80000,0x00000000dfc80000,0x00000000e0c00000)
 ParOldGen       total 65024K, used 19382K [0x0000000082000000, 0x0000000085f80000, 0x00000000d6000000)
  object space 65024K, 29% used [0x0000000082000000,0x00000000832eda60,0x0000000085f80000)
 Metaspace       used 35016K, capacity 35534K, committed 35752K, reserved 1081344K
  class space    used 4454K, capacity 4620K, committed 4656K, reserved 1048576K

Card table byte_map: [0x00000000124f0000,0x00000000128f0000] byte_map_base: 0x00000000120e0000

Marking Bits: (ParMarkBitMap*) 0x0000000072a7f030
 Begin Bits: [0x0000000013390000, 0x0000000015310000)
 End Bits:   [0x0000000015310000, 0x0000000017290000)

Polling page: 0x0000000001080000

CodeCache: size=245760Kb used=8138Kb max_used=8138Kb free=237621Kb
 bounds [0x0000000003130000, 0x0000000003930000, 0x0000000012130000]
 total_blobs=3151 nmethods=2714 adapters=350
 compilation: enabled

Compilation events (10 events):
Event: 2.491 Thread 0x0000000019e7c800 2716       3       org.jetbrains.kotlin.com.intellij.lang.impl.PsiBuilderImpl::precede (68 bytes)
Event: 2.492 Thread 0x0000000019e7c800 nmethod 2716 0x0000000003926f10 code [0x00000000039270c0, 0x00000000039275e8]
Event: 2.492 Thread 0x0000000019e7c800 2720       3       org.jetbrains.kotlin.com.intellij.lang.impl.PsiBuilderImpl$StartMarker::rollbackTo (9 bytes)
Event: 2.492 Thread 0x0000000019e7c800 nmethod 2720 0x0000000003927810 code [0x0000000003927980, 0x0000000003927b68]
Event: 2.492 Thread 0x0000000019e7c800 2721       3       org.jetbrains.kotlin.com.intellij.lang.impl.PsiBuilderImpl::access$700 (6 bytes)
Event: 2.492 Thread 0x0000000019e7c800 nmethod 2721 0x0000000003927c90 code [0x0000000003927e00, 0x0000000003927f68]
Event: 2.492 Thread 0x0000000019e7c800 2722       3       org.jetbrains.kotlin.com.intellij.lang.impl.PsiBuilderImpl::rollbackTo (74 bytes)
Event: 2.492 Thread 0x0000000019e7c800 nmethod 2722 0x0000000003928050 code [0x00000000039281e0, 0x0000000003928628]
Event: 2.499 Thread 0x0000000019e7c800 2728       3       org.jetbrains.kotlin.com.intellij.psi.impl.source.SourceTreeToPsiMap::treeElementToPsi (15 bytes)
Event: 2.499 Thread 0x0000000019e7c800 nmethod 2728 0x0000000003928790 code [0x0000000003928900, 0x0000000003928b48]

GC Heap History (10 events):
Event: 1.139 GC heap before
{Heap before GC invocations=3 (full 0):
 PSYoungGen      total 70656K, used 25164K [0x00000000d6000000, 0x00000000daa00000, 0x0000000100000000)
  eden space 65536K, 30% used [0x00000000d6000000,0x00000000d739a968,0x00000000da000000)
  from space 5120K, 99% used [0x00000000da500000,0x00000000da9f8800,0x00000000daa00000)
  to   space 5120K, 0% used [0x00000000da000000,0x00000000da000000,0x00000000da500000)
 ParOldGen       total 86016K, used 7338K [0x0000000082000000, 0x0000000087400000, 0x00000000d6000000)
  object space 86016K, 8% used [0x0000000082000000,0x000000008272a900,0x0000000087400000)
 Metaspace       used 20820K, capacity 21244K, committed 21296K, reserved 1069056K
  class space    used 2466K, capacity 2592K, committed 2608K, reserved 1048576K
Event: 1.146 GC heap after
Heap after GC invocations=3 (full 0):
 PSYoungGen      total 70656K, used 5111K [0x00000000d6000000, 0x00000000dea00000, 0x0000000100000000)
  eden space 65536K, 0% used [0x00000000d6000000,0x00000000d6000000,0x00000000da000000)
  from space 5120K, 99% used [0x00000000da000000,0x00000000da4fde70,0x00000000da500000)
  to   space 5120K, 0% used [0x00000000de500000,0x00000000de500000,0x00000000dea00000)
 ParOldGen       total 86016K, used 11849K [0x0000000082000000, 0x0000000087400000, 0x00000000d6000000)
  object space 86016K, 13% used [0x0000000082000000,0x0000000082b925f8,0x0000000087400000)
 Metaspace       used 20820K, capacity 21244K, committed 21296K, reserved 1069056K
  class space    used 2466K, capacity 2592K, committed 2608K, reserved 1048576K
}
Event: 1.146 GC heap before
{Heap before GC invocations=4 (full 1):
 PSYoungGen      total 70656K, used 5111K [0x00000000d6000000, 0x00000000dea00000, 0x0000000100000000)
  eden space 65536K, 0% used [0x00000000d6000000,0x00000000d6000000,0x00000000da000000)
  from space 5120K, 99% used [0x00000000da000000,0x00000000da4fde70,0x00000000da500000)
  to   space 5120K, 0% used [0x00000000de500000,0x00000000de500000,0x00000000dea00000)
 ParOldGen       total 86016K, used 11849K [0x0000000082000000, 0x0000000087400000, 0x00000000d6000000)
  object space 86016K, 13% used [0x0000000082000000,0x0000000082b925f8,0x0000000087400000)
 Metaspace       used 20820K, capacity 21244K, committed 21296K, reserved 1069056K
  class space    used 2466K, capacity 2592K, committed 2608K, reserved 1048576K
Event: 1.169 GC heap after
Heap after GC invocations=4 (full 1):
 PSYoungGen      total 70656K, used 0K [0x00000000d6000000, 0x00000000dea00000, 0x0000000100000000)
  eden space 65536K, 0% used [0x00000000d6000000,0x00000000d6000000,0x00000000da000000)
  from space 5120K, 0% used [0x00000000da000000,0x00000000da000000,0x00000000da500000)
  to   space 5120K, 0% used [0x00000000de500000,0x00000000de500000,0x00000000dea00000)
 ParOldGen       total 65024K, used 9482K [0x0000000082000000, 0x0000000085f80000, 0x00000000d6000000)
  object space 65024K, 14% used [0x0000000082000000,0x0000000082942898,0x0000000085f80000)
 Metaspace       used 20820K, capacity 21244K, committed 21296K, reserved 1069056K
  class space    used 2466K, capacity 2592K, committed 2608K, reserved 1048576K
}
Event: 2.015 GC heap before
{Heap before GC invocations=5 (full 1):
 PSYoungGen      total 70656K, used 65536K [0x00000000d6000000, 0x00000000dea00000, 0x0000000100000000)
  eden space 65536K, 100% used [0x00000000d6000000,0x00000000da000000,0x00000000da000000)
  from space 5120K, 0% used [0x00000000da000000,0x00000000da000000,0x00000000da500000)
  to   space 5120K, 0% used [0x00000000de500000,0x00000000de500000,0x00000000dea00000)
 ParOldGen       total 65024K, used 9482K [0x0000000082000000, 0x0000000085f80000, 0x00000000d6000000)
  object space 65024K, 14% used [0x0000000082000000,0x0000000082942898,0x0000000085f80000)
 Metaspace       used 29627K, capacity 30165K, committed 30384K, reserved 1075200K
  class space    used 3592K, capacity 3738K, committed 3760K, reserved 1048576K
Event: 2.026 GC heap after
Heap after GC invocations=5 (full 1):
 PSYoungGen      total 101888K, used 5091K [0x00000000d6000000, 0x00000000dea00000, 0x0000000100000000)
  eden space 96768K, 0% used [0x00000000d6000000,0x00000000d6000000,0x00000000dbe80000)
  from space 5120K, 99% used [0x00000000de500000,0x00000000de9f8c70,0x00000000dea00000)
  to   space 5120K, 0% used [0x00000000de000000,0x00000000de000000,0x00000000de500000)
 ParOldGen       total 65024K, used 20203K [0x0000000082000000, 0x0000000085f80000, 0x00000000d6000000)
  object space 65024K, 31% used [0x0000000082000000,0x00000000833baf98,0x0000000085f80000)
 Metaspace       used 29627K, capacity 30165K, committed 30384K, reserved 1075200K
  class space    used 3592K, capacity 3738K, committed 3760K, reserved 1048576K
}
Event: 2.356 GC heap before
{Heap before GC invocations=6 (full 1):
 PSYoungGen      total 101888K, used 32159K [0x00000000d6000000, 0x00000000dea00000, 0x0000000100000000)
  eden space 96768K, 27% used [0x00000000d6000000,0x00000000d7a6f240,0x00000000dbe80000)
  from space 5120K, 99% used [0x00000000de500000,0x00000000de9f8c70,0x00000000dea00000)
  to   space 5120K, 0% used [0x00000000de000000,0x00000000de000000,0x00000000de500000)
 ParOldGen       total 65024K, used 20203K [0x0000000082000000, 0x0000000085f80000, 0x00000000d6000000)
  object space 65024K, 31% used [0x0000000082000000,0x00000000833baf98,0x0000000085f80000)
 Metaspace       used 34717K, capacity 35224K, committed 35496K, reserved 1081344K
  class space    used 4428K, capacity 4585K, committed 4656K, reserved 1048576K
Event: 2.363 GC heap after
Heap after GC invocations=6 (full 1):
 PSYoungGen      total 136192K, used 5100K [0x00000000d6000000, 0x00000000e0c00000, 0x0000000100000000)
  eden space 131072K, 0% used [0x00000000d6000000,0x00000000d6000000,0x00000000de000000)
  from space 5120K, 99% used [0x00000000de000000,0x00000000de4fb120,0x00000000de500000)
  to   space 15872K, 0% used [0x00000000dfc80000,0x00000000dfc80000,0x00000000e0c00000)
 ParOldGen       total 65024K, used 26737K [0x0000000082000000, 0x0000000085f80000, 0x00000000d6000000)
  object space 65024K, 41% used [0x0000000082000000,0x0000000083a1c550,0x0000000085f80000)
 Metaspace       used 34717K, capacity 35224K, committed 35496K, reserved 1081344K
  class space    used 4428K, capacity 4585K, committed 4656K, reserved 1048576K
}
Event: 2.363 GC heap before
{Heap before GC invocations=7 (full 2):
 PSYoungGen      total 136192K, used 5100K [0x00000000d6000000, 0x00000000e0c00000, 0x0000000100000000)
  eden space 131072K, 0% used [0x00000000d6000000,0x00000000d6000000,0x00000000de000000)
  from space 5120K, 99% used [0x00000000de000000,0x00000000de4fb120,0x00000000de500000)
  to   space 15872K, 0% used [0x00000000dfc80000,0x00000000dfc80000,0x00000000e0c00000)
 ParOldGen       total 65024K, used 26737K [0x0000000082000000, 0x0000000085f80000, 0x00000000d6000000)
  object space 65024K, 41% used [0x0000000082000000,0x0000000083a1c550,0x0000000085f80000)
 Metaspace       used 34717K, capacity 35224K, committed 35496K, reserved 1081344K
  class space    used 4428K, capacity 4585K, committed 4656K, reserved 1048576K
Event: 2.412 GC heap after
Heap after GC invocations=7 (full 2):
 PSYoungGen      total 136192K, used 0K [0x00000000d6000000, 0x00000000e0c00000, 0x0000000100000000)
  eden space 131072K, 0% used [0x00000000d6000000,0x00000000d6000000,0x00000000de000000)
  from space 5120K, 0% used [0x00000000de000000,0x00000000de000000,0x00000000de500000)
  to   space 15872K, 0% used [0x00000000dfc80000,0x00000000dfc80000,0x00000000e0c00000)
 ParOldGen       total 65024K, used 19382K [0x0000000082000000, 0x0000000085f80000, 0x00000000d6000000)
  object space 65024K, 29% used [0x0000000082000000,0x00000000832eda60,0x0000000085f80000)
 Metaspace       used 34717K, capacity 35224K, committed 35496K, reserved 1081344K
  class space    used 4428K, capacity 4585K, committed 4656K, reserved 1048576K
}

Deoptimization events (10 events):
Event: 2.221 Thread 0x000000000303a800 Uncommon trap: reason=unstable_if action=reinterpret pc=0x000000000338a0bc method=sun.nio.cs.UTF_8$Decoder.decode([BII[C)I @ 30
Event: 2.221 Thread 0x000000000303a800 Uncommon trap: reason=unstable_if action=reinterpret pc=0x000000000338da68 method=sun.net.www.ParseUtil.encodePath(Ljava/lang/String;Z)Ljava/lang/String; @ 81
Event: 2.242 Thread 0x000000000303a800 Uncommon trap: reason=class_check action=maybe_recompile pc=0x000000000362321c method=org.jetbrains.kotlin.com.intellij.util.text.ByteArrayCharSequence.toBytesIfPossible(Ljava/lang/CharSequence;)[B @ 25
Event: 2.336 Thread 0x000000000303a800 Uncommon trap: reason=class_check action=maybe_recompile pc=0x000000000362321c method=org.jetbrains.kotlin.com.intellij.util.text.ByteArrayCharSequence.toBytesIfPossible(Ljava/lang/CharSequence;)[B @ 25
Event: 2.340 Thread 0x000000000303a800 Uncommon trap: reason=class_check action=maybe_recompile pc=0x000000000362321c method=org.jetbrains.kotlin.com.intellij.util.text.ByteArrayCharSequence.toBytesIfPossible(Ljava/lang/CharSequence;)[B @ 25
Event: 2.343 Thread 0x000000000303a800 Uncommon trap: reason=class_check action=maybe_recompile pc=0x000000000362321c method=org.jetbrains.kotlin.com.intellij.util.text.ByteArrayCharSequence.toBytesIfPossible(Ljava/lang/CharSequence;)[B @ 25
Event: 2.412 Thread 0x0000000018074000 Uncommon trap: reason=unstable_if action=reinterpret pc=0x00000000037d3efc method=java.lang.ref.Finalizer.remove()V @ 10
Event: 2.413 Thread 0x0000000018074000 Uncommon trap: reason=unstable_if action=reinterpret pc=0x00000000037d1f64 method=java.lang.ref.Finalizer.remove()V @ 10
Event: 2.413 Thread 0x0000000018074000 Uncommon trap: reason=unstable_if action=reinterpret pc=0x00000000037d3428 method=java.lang.ref.Finalizer.remove()V @ 10
Event: 2.468 Thread 0x000000000303a800 Uncommon trap: reason=unstable_if action=reinterpret pc=0x00000000038cca10 method=org.jetbrains.kotlin.com.intellij.lang.impl.PsiBuilderImpl.whitespaceOrComment(Lorg/jetbrains/kotlin/com/intellij/psi/tree/IElementType;)Z @ 19

Classes redefined (0 events):
No events

Internal exceptions (10 events):
Event: 0.474 Thread 0x000000000303a800 Exception <a 'java/lang/ArrayIndexOutOfBoundsException'> (0x00000000d7bc0080) thrown at [C:\src\AOSP-openjdk-git\hotspot\src\share\vm\runtime\sharedRuntime.cpp, line 605]
Event: 0.595 Thread 0x000000000303a800 Exception <a 'java/lang/ArrayIndexOutOfBoundsException'> (0x00000000d658f9c8) thrown at [C:\src\AOSP-openjdk-git\hotspot\src\share\vm\runtime\sharedRuntime.cpp, line 605]
Event: 0.931 Thread 0x000000000303a800 Exception <a 'java/lang/NoSuchMethodError': java.lang.Object.lambda$comparing$77a9974f$1(Ljava/util/function/Function;Ljava/lang/Object;Ljava/lang/Object;)I> (0x00000000d62bbbd8) thrown at [C:\src\AOSP-openjdk-git\hotspot\src\share\vm\interpreter\linkReso
Event: 0.942 Thread 0x000000000303a800 Exception <a 'java/lang/NoSuchMethodError': java.lang.Object.lambda$static$0()J> (0x00000000d63bedd0) thrown at [C:\src\AOSP-openjdk-git\hotspot\src\share\vm\interpreter\linkResolver.cpp, line 620]
Event: 1.047 Thread 0x000000000303a800 Exception <a 'java/lang/NoSuchMethodError': java.lang.Object.lambda$static$0(I)[Lorg/jetbrains/kotlin/com/intellij/openapi/editor/event/DocumentListener;> (0x00000000d6b10518) thrown at [C:\src\AOSP-openjdk-git\hotspot\src\share\vm\interpreter\linkResolve
Event: 1.070 Thread 0x000000000303a800 Exception <a 'java/lang/NoSuchMethodError': java.lang.Object.lambda$static$0(I)[Lorg/jetbrains/kotlin/com/intellij/psi/PsiAnnotation;> (0x00000000d6d99e08) thrown at [C:\src\AOSP-openjdk-git\hotspot\src\share\vm\interpreter\linkResolver.cpp, line 620]
Event: 1.136 Thread 0x000000000303a800 Exception <a 'java/lang/NoSuchMethodError': java.lang.Object.lambda$static$0(I)[Lorg/jetbrains/kotlin/com/intellij/psi/PsiElement;> (0x00000000d73271c0) thrown at [C:\src\AOSP-openjdk-git\hotspot\src\share\vm\interpreter\linkResolver.cpp, line 620]
Event: 1.842 Thread 0x000000000303a800 Exception <a 'java/lang/ArrayIndexOutOfBoundsException': 126> (0x00000000d90108f0) thrown at [C:\src\AOSP-openjdk-git\hotspot\src\share\vm\interpreter\interpreterRuntime.cpp, line 368]
Event: 1.843 Thread 0x000000000303a800 Exception <a 'java/lang/ArrayIndexOutOfBoundsException': 86> (0x00000000d9011d78) thrown at [C:\src\AOSP-openjdk-git\hotspot\src\share\vm\interpreter\interpreterRuntime.cpp, line 368]
Event: 2.321 Thread 0x000000000303a800 Exception <a 'java/lang/NoSuchMethodError': java.lang.Object.lambda$static$0(I)[Lorg/jetbrains/kotlin/psi/KtExpression;> (0x00000000d78ade90) thrown at [C:\src\AOSP-openjdk-git\hotspot\src\share\vm\interpreter\linkResolver.cpp, line 620]

Events (10 events):
Event: 2.503 loading class org/jetbrains/kotlin/types/KotlinType
Event: 2.503 loading class org/jetbrains/kotlin/types/KotlinType done
Event: 2.503 loading class kotlin/jvm/functions/Function1
Event: 2.503 loading class kotlin/jvm/functions/Function1 done
Event: 2.503 loading class org/jetbrains/kotlin/resolve/source/KotlinSourceElementKt
Event: 2.503 loading class org/jetbrains/kotlin/resolve/source/KotlinSourceElementKt done
Event: 2.504 loading class org/jetbrains/kotlin/resolve/source/KotlinSourceElement
Event: 2.504 loading class org/jetbrains/kotlin/resolve/source/KotlinSourceElement done
Event: 2.504 loading class org/jetbrains/kotlin/resolve/source/PsiSourceElement
Event: 2.504 loading class org/jetbrains/kotlin/resolve/source/PsiSourceElement done


Dynamic libraries:
0x00007ff6902f0000 - 0x00007ff690321000 	C:\Program Files\Android\Android Studio\jre\jre\bin\java.exe
0x00007fff9d4e0000 - 0x00007fff9d6d0000 	C:\WINDOWS\SYSTEM32\ntdll.dll
0x00007fff9b900000 - 0x00007fff9b9b2000 	C:\WINDOWS\System32\KERNEL32.DLL
0x00007fff9a580000 - 0x00007fff9a824000 	C:\WINDOWS\System32\KERNELBASE.dll
0x00007fff9cb30000 - 0x00007fff9cbd3000 	C:\WINDOWS\System32\ADVAPI32.dll
0x00007fff9d330000 - 0x00007fff9d3ce000 	C:\WINDOWS\System32\msvcrt.dll
0x00007fff9be80000 - 0x00007fff9bf17000 	C:\WINDOWS\System32\sechost.dll
0x00007fff9b7e0000 - 0x00007fff9b900000 	C:\WINDOWS\System32\RPCRT4.dll
0x00007fff9bce0000 - 0x00007fff9be74000 	C:\WINDOWS\System32\USER32.dll
0x00007fff9b410000 - 0x00007fff9b431000 	C:\WINDOWS\System32\win32u.dll
0x00007fff9b9c0000 - 0x00007fff9b9e6000 	C:\WINDOWS\System32\GDI32.dll
0x00007fff9a9d0000 - 0x00007fff9ab66000 	C:\WINDOWS\System32\gdi32full.dll
0x00007fff9a930000 - 0x00007fff9a9ce000 	C:\WINDOWS\System32\msvcp_win.dll
0x00007fff9a830000 - 0x00007fff9a92a000 	C:\WINDOWS\System32\ucrtbase.dll
0x00007fff8f6e0000 - 0x00007fff8f964000 	C:\WINDOWS\WinSxS\amd64_microsoft.windows.common-controls_6595b64144ccf1df_6.0.18362.959_none_e6c7bbbf130c62bb\COMCTL32.dll
0x00007fff9c620000 - 0x00007fff9c955000 	C:\WINDOWS\System32\combase.dll
0x00007fff9b330000 - 0x00007fff9b3b0000 	C:\WINDOWS\System32\bcryptPrimitives.dll
0x00007fff9d190000 - 0x00007fff9d1be000 	C:\WINDOWS\System32\IMM32.DLL
0x00000000720f0000 - 0x00000000721c2000 	C:\Program Files\Android\Android Studio\jre\jre\bin\msvcr100.dll
0x00000000722b0000 - 0x0000000072afb000 	C:\Program Files\Android\Android Studio\jre\jre\bin\server\jvm.dll
0x00007fff9c610000 - 0x00007fff9c618000 	C:\WINDOWS\System32\PSAPI.DLL
0x00007fff94320000 - 0x00007fff9432a000 	C:\WINDOWS\SYSTEM32\VERSION.dll
0x00007fff8d4d0000 - 0x00007fff8d4d9000 	C:\WINDOWS\SYSTEM32\WSOCK32.dll
0x00007fff96e90000 - 0x00007fff96eb4000 	C:\WINDOWS\SYSTEM32\WINMM.dll
0x00007fff9d050000 - 0x00007fff9d0bf000 	C:\WINDOWS\System32\WS2_32.dll
0x00007fff96af0000 - 0x00007fff96b1d000 	C:\WINDOWS\SYSTEM32\winmmbase.dll
0x00007fff9a460000 - 0x00007fff9a4aa000 	C:\WINDOWS\System32\cfgmgr32.dll
0x00007fff7d1c0000 - 0x00007fff7d1cf000 	C:\Program Files\Android\Android Studio\jre\jre\bin\verify.dll
0x00007fff69c60000 - 0x00007fff69c89000 	C:\Program Files\Android\Android Studio\jre\jre\bin\java.dll
0x00007fff708a0000 - 0x00007fff708b6000 	C:\Program Files\Android\Android Studio\jre\jre\bin\zip.dll
0x00007fff9bf20000 - 0x00007fff9c606000 	C:\WINDOWS\System32\SHELL32.dll
0x00007fff9b6d0000 - 0x00007fff9b779000 	C:\WINDOWS\System32\shcore.dll
0x00007fff9ab70000 - 0x00007fff9b2f2000 	C:\WINDOWS\System32\windows.storage.dll
0x00007fff9a430000 - 0x00007fff9a453000 	C:\WINDOWS\System32\profapi.dll
0x00007fff9a3c0000 - 0x00007fff9a40a000 	C:\WINDOWS\System32\powrprof.dll
0x00007fff9a390000 - 0x00007fff9a3a0000 	C:\WINDOWS\System32\UMPDC.dll
0x00007fff9b780000 - 0x00007fff9b7d2000 	C:\WINDOWS\System32\shlwapi.dll
0x00007fff9a3a0000 - 0x00007fff9a3b1000 	C:\WINDOWS\System32\kernel.appcore.dll
0x00007fff9a4b0000 - 0x00007fff9a4c7000 	C:\WINDOWS\System32\cryptsp.dll
0x00007fff699a0000 - 0x00007fff699ba000 	C:\Program Files\Android\Android Studio\jre\jre\bin\net.dll
0x00007fff99ba0000 - 0x00007fff99c07000 	C:\WINDOWS\system32\mswsock.dll
0x00007fff689b0000 - 0x00007fff689c3000 	C:\Program Files\Android\Android Studio\jre\jre\bin\nio.dll

VM Arguments:
java_command: org.jetbrains.kotlin.cli.jvm.K2JVMCompiler -Xallow-no-source-files -classpath C:\Users\filip\OneDrive\Documentos\Dev\FrameworkTest\app\build\intermediates\compile_and_runtime_not_namespaced_r_class_jar\debug\R.jar;C:\Users\filip\.gradle\caches\transforms-2\files-2.1\ff4cb15d59a65df1ae183c81cfcd8604\jetified-converter-gson-2.5.0.jar;C:\Users\filip\.gradle\caches\transforms-2\files-2.1\5fd50dabe0f6df8836826a1743d1c019\jetified-converter-moshi-2.6.0.jar;C:\Users\filip\.gradle\caches\transforms-2\files-2.1\748f6f82036c833eb6af6afcb7c61c86\jetified-retrofit-2.6.0.jar;C:\Users\filip\.gradle\caches\transforms-2\files-2.1\128ab01cae633e491d00341ccbbe2786\jetified-okhttp-3.12.0.jar;C:\Users\filip\.gradle\caches\transforms-2\files-2.1\929b522e85c1e1de2626a20d765d8297\jetified-moshi-1.8.0.jar;C:\Users\filip\.gradle\caches\transforms-2\files-2.1\b6d7f4d1e06e8c93d9772dae7f01a712\jetified-okio-1.16.0.jar;C:\Users\filip\.gradle\caches\transforms-2\files-2.1\ac364568c3df11daeb54212152807b2f\jetified-gson-2.8.2.jar;C:\Users\filip\.gradle\caches\transforms-2\files-2.1\3e8dc1072b3dc6d06f94c550fe8429a6\jetified-kotlin-android-extensions-runtime-1.3.72.jar;C:\Users\filip\.gradle\caches\transforms-2\files-2.1\341c5de26caac7a0c5effe778806029e\jetified-core-ktx-1.3.1-api.jar;C:\Users\filip\.gradle\caches\transforms-2\files-2.1\46080f7e80657640e520b62a72bc14bd\navigation-fragment-ktx-2.1.0-api.jar;C:\Users\filip\.gradle\caches\transforms-2\files-2.1\632f92c021deda862237bc740f1a6f0a\navigation-ui-ktx-2.1.0-api.jar;C:\Users\filip\.gradle\caches\transforms-2\files-2.1\12dac3cabff53c500901c3e0a2349b4e\jetified-room-ktx-2.2.5-api.jar;C:\Users\filip\.gradle\caches\transforms-2\files-2.1\322ba46c5fc490f2e327aab97e4db796\navigation-runtime-ktx-2.1.0-api.jar;C:\Users\filip\.gradle\caches\transforms-2\files-2.1\19ca28953edbe2fb320c76f2cb1a172b\jetified-fragment-ktx-1.1.0-api.jar;C:\Users\filip\.gradle\caches\transforms-2\files-2.1\f1da01fd9a216344e1f2c4485bc34b92\jetified-activity-ktx
java_class_path (initial): C:\Users\filip\.gradle\caches\modules-2\files-2.1\org.jetbrains.kotlin\kotlin-compiler-embeddable\1.3.72\fb72232c8fa977d5e07d33c43381ddbdc5edab6\kotlin-compiler-embeddable-1.3.72.jar;C:\Users\filip\.gradle\caches\modules-2\files-2.1\org.jetbrains.kotlin\kotlin-reflect\1.3.72\86613e1a669a701b0c660bfd2af4f82a7ae11fca\kotlin-reflect-1.3.72.jar;C:\Users\filip\.gradle\caches\modules-2\files-2.1\org.jetbrains.kotlin\kotlin-stdlib\1.3.72\8032138f12c0180bc4e51fe139d4c52b46db6109\kotlin-stdlib-1.3.72.jar;C:\Users\filip\.gradle\caches\modules-2\files-2.1\org.jetbrains.kotlin\kotlin-script-runtime\1.3.72\657d8d34d91e1964b4439378c09933e840bfe8d5\kotlin-script-runtime-1.3.72.jar;C:\Users\filip\.gradle\caches\modules-2\files-2.1\org.jetbrains.kotlin\kotlin-daemon-embeddable\1.3.72\53bbaa2816dbf6bdb85f629451b1fcc88f2164d2\kotlin-daemon-embeddable-1.3.72.jar;C:\Users\filip\.gradle\caches\modules-2\files-2.1\org.jetbrains.intellij.deps\trove4j\1.0.20181211\216c2e14b070f334479d800987affe4054cd563f\trove4j-1.0.20181211.jar;C:\Users\filip\.gradle\caches\modules-2\files-2.1\org.jetbrains.kotlin\kotlin-stdlib-common\1.3.72\6ca8bee3d88957eaaaef077c41c908c9940492d8\kotlin-stdlib-common-1.3.72.jar;C:\Users\filip\.gradle\caches\modules-2\files-2.1\org.jetbrains\annotations\13.0\919f0dfe192fb4e063e7dacadee7f8bb9a2672a9\annotations-13.0.jar;C:\Program Files\Android\Android Studio\jre\lib\tools.jar
Launcher Type: SUN_STANDARD

Environment Variables:
JAVA_HOME=C:\Program Files\Java\jdk1.8.0_144
PATH=C:\Program Files (x86)\Common Files\Oracle\Java\javapath;C:\ProgramData\Oracle\Java\javapath;C:\WINDOWS\system32;C:\WINDOWS;C:\WINDOWS\System32\Wbem;C:\WINDOWS\System32\WindowsPowerShell\v1.0\;C:\WINDOWS\System32\OpenSSH\;C:\Program Files\nodejs\;C:\Program Files\Git\cmd;C:\Program Files\MongoDB\Server\4.0\bin;C:\Program Files (x86)\Intel\Intel(R) Management Engine Components\DAL;C:\Program Files\Intel\Intel(R) Management Engine Components\DAL;C:\Users\filip\AppData\Local\Microsoft\WindowsApps;;C:\Users\filip\AppData\Roaming\npm;C:\Users\filip\AppData\Local\Programs\Microsoft VS Code\bin
USERNAME=filip
OS=Windows_NT
PROCESSOR_IDENTIFIER=Intel64 Family 6 Model 142 Stepping 10, GenuineIntel



---------------  S Y S T E M  ---------------

OS: Windows 10.0 , 64 bit Build 18362 (10.0.18362.959)

CPU:total 8 (initial active 8) (4 cores per cpu, 2 threads per core) family 6 model 142 stepping 10, cmov, cx8, fxsr, mmx, sse, sse2, sse3, ssse3, sse4.1, sse4.2, popcnt, avx, avx2, aes, clmul, erms, 3dnowpref, lzcnt, ht, tsc, tscinvbit, bmi1, bmi2, adx

Memory: 4k page, physical 8250416k(639656k free), swap 11322416k(5628k free)

vm_info: OpenJDK 64-Bit Server VM (25.242-b01) for windows-amd64 JRE (1.8.0_242-release-1644-b01), built by "builder" with MS VC++ 10.0 (VS2010)

time: Sat Aug 08 18:29:53 2020
timezone: Hora Padrão de Buenos Aires
elapsed time: 2 seconds (0d 0h 0m 2s)

